
Gurobi 8.1.1 (mac64, Python) logging started Thu Nov  2 10:26:01 2023

Academic license - for non-commercial use only
Optimize a model with 296 rows, 580 columns and 1160 nonzeros
Variable types: 0 continuous, 580 integer (580 binary)
Coefficient statistics:
  Matrix range     [1e+00, 6e+05]
  Objective range  [3e+04, 9e+05]
  Bounds range     [1e+00, 1e+00]
  RHS range        [1e+00, 4e+05]
Found heuristic solution: objective 7.324158e+07
Presolve removed 296 rows and 580 columns
Presolve time: 0.03s
Presolve: All rows and columns removed

Explored 0 nodes (0 simplex iterations) in 0.04 seconds
Thread count was 1 (of 4 available processors)

Solution count 2: 6.6755e+07 7.32416e+07 

Optimal solution found (tolerance 1.00e-04)
Best objective 6.675500885976e+07, best bound 6.675500885976e+07, gap 0.0000%

Gurobi 8.1.1 (mac64, Python) logging started Thu Nov  2 10:38:58 2023

Academic license - for non-commercial use only
Optimize a model with 296 rows, 580 columns and 1160 nonzeros
Variable types: 0 continuous, 580 integer (580 binary)
Coefficient statistics:
  Matrix range     [1e+00, 6e+05]
  Objective range  [3e+04, 8e+05]
  Bounds range     [1e+00, 1e+00]
  RHS range        [1e+00, 4e+05]
Found heuristic solution: objective 7.315843e+07
Presolve removed 296 rows and 580 columns
Presolve time: 0.03s
Presolve: All rows and columns removed

Explored 0 nodes (0 simplex iterations) in 0.04 seconds
Thread count was 1 (of 4 available processors)

Solution count 2: 6.67576e+07 7.31584e+07 

Optimal solution found (tolerance 1.00e-04)
Best objective 6.675757290843e+07, best bound 6.675757290843e+07, gap 0.0000%

Gurobi 8.1.1 (mac64, Python) logging started Thu Nov  2 10:39:15 2023

Academic license - for non-commercial use only
Optimize a model with 296 rows, 580 columns and 1160 nonzeros
Variable types: 0 continuous, 580 integer (580 binary)
Coefficient statistics:
  Matrix range     [1e+00, 6e+05]
  Objective range  [3e+04, 9e+05]
  Bounds range     [1e+00, 1e+00]
  RHS range        [1e+00, 4e+05]
Found heuristic solution: objective 7.324207e+07
Presolve removed 296 rows and 580 columns
Presolve time: 0.00s
Presolve: All rows and columns removed

Explored 0 nodes (0 simplex iterations) in 0.00 seconds
Thread count was 1 (of 4 available processors)

Solution count 2: 6.67576e+07 7.32421e+07 

Optimal solution found (tolerance 1.00e-04)
Best objective 6.675757290843e+07, best bound 6.675757290843e+07, gap 0.0000%

Gurobi 8.1.1 (mac64, Python) logging started Thu Nov  2 10:40:37 2023

Academic license - for non-commercial use only
Optimize a model with 296 rows, 580 columns and 1160 nonzeros
Variable types: 0 continuous, 580 integer (580 binary)
Coefficient statistics:
  Matrix range     [1e+00, 6e+05]
  Objective range  [3e+04, 9e+05]
  Bounds range     [1e+00, 1e+00]
  RHS range        [1e+00, 4e+05]
Found heuristic solution: objective 7.326979e+07
Presolve removed 296 rows and 580 columns
Presolve time: 0.02s
Presolve: All rows and columns removed

Explored 0 nodes (0 simplex iterations) in 0.03 seconds
Thread count was 1 (of 4 available processors)

Solution count 2: 6.67576e+07 7.32698e+07 

Optimal solution found (tolerance 1.00e-04)
Best objective 6.675757290843e+07, best bound 6.675757290843e+07, gap 0.0000%

Gurobi 8.1.1 (mac64, Python) logging started Thu Nov  2 10:41:01 2023

Academic license - for non-commercial use only
Optimize a model with 296 rows, 580 columns and 1160 nonzeros
Variable types: 0 continuous, 580 integer (580 binary)
Coefficient statistics:
  Matrix range     [1e+00, 6e+05]
  Objective range  [3e+04, 9e+05]
  Bounds range     [1e+00, 1e+00]
  RHS range        [1e+00, 4e+05]
Found heuristic solution: objective 7.332420e+07
Presolve removed 296 rows and 580 columns
Presolve time: 0.00s
Presolve: All rows and columns removed

Explored 0 nodes (0 simplex iterations) in 0.00 seconds
Thread count was 1 (of 4 available processors)

Solution count 2: 6.67576e+07 7.33242e+07 

Optimal solution found (tolerance 1.00e-04)
Best objective 6.675757290843e+07, best bound 6.675757290843e+07, gap 0.0000%

Gurobi 8.1.1 (mac64, Python) logging started Thu Nov  2 10:48:41 2023

Academic license - for non-commercial use only
Optimize a model with 296 rows, 580 columns and 1160 nonzeros
Variable types: 0 continuous, 580 integer (580 binary)
Coefficient statistics:
  Matrix range     [1e+00, 6e+05]
  Objective range  [3e+04, 9e+05]
  Bounds range     [1e+00, 1e+00]
  RHS range        [1e+00, 4e+05]
Found heuristic solution: objective 7.325431e+07
Presolve removed 296 rows and 580 columns
Presolve time: 0.01s
Presolve: All rows and columns removed

Explored 0 nodes (0 simplex iterations) in 0.02 seconds
Thread count was 1 (of 4 available processors)

Solution count 2: 6.67576e+07 7.32543e+07 

Optimal solution found (tolerance 1.00e-04)
Best objective 6.675757290843e+07, best bound 6.675757290843e+07, gap 0.0000%

Gurobi 8.1.1 (mac64, Python) logging started Thu Nov  2 10:49:04 2023

Academic license - for non-commercial use only
Optimize a model with 296 rows, 580 columns and 1160 nonzeros
Variable types: 0 continuous, 580 integer (580 binary)
Coefficient statistics:
  Matrix range     [1e+00, 6e+05]
  Objective range  [3e+04, 8e+05]
  Bounds range     [1e+00, 1e+00]
  RHS range        [1e+00, 4e+05]
Found heuristic solution: objective 7.330805e+07
Presolve removed 296 rows and 580 columns
Presolve time: 0.00s
Presolve: All rows and columns removed

Explored 0 nodes (0 simplex iterations) in 0.00 seconds
Thread count was 1 (of 4 available processors)

Solution count 2: 6.67576e+07 7.3308e+07 

Optimal solution found (tolerance 1.00e-04)
Best objective 6.675757290843e+07, best bound 6.675757290843e+07, gap 0.0000%

Gurobi 8.1.1 (mac64, Python) logging started Thu Nov  2 10:49:22 2023

Academic license - for non-commercial use only
Optimize a model with 296 rows, 580 columns and 1160 nonzeros
Variable types: 0 continuous, 580 integer (580 binary)
Coefficient statistics:
  Matrix range     [1e+00, 6e+05]
  Objective range  [3e+04, 9e+05]
  Bounds range     [1e+00, 1e+00]
  RHS range        [1e+00, 4e+05]
Found heuristic solution: objective 7.322027e+07
Presolve removed 296 rows and 580 columns
Presolve time: 0.00s
Presolve: All rows and columns removed

Explored 0 nodes (0 simplex iterations) in 0.00 seconds
Thread count was 1 (of 4 available processors)

Solution count 2: 6.67576e+07 7.32203e+07 

Optimal solution found (tolerance 1.00e-04)
Best objective 6.675757290843e+07, best bound 6.675757290843e+07, gap 0.0000%

Gurobi 8.1.1 (mac64, Python) logging started Thu Nov  2 11:55:33 2023

Academic license - for non-commercial use only
Optimize a model with 296 rows, 580 columns and 1160 nonzeros
Variable types: 0 continuous, 580 integer (580 binary)
Coefficient statistics:
  Matrix range     [1e+00, 6e+05]
  Objective range  [3e+04, 9e+05]
  Bounds range     [1e+00, 1e+00]
  RHS range        [1e+00, 4e+05]
Found heuristic solution: objective 7.318032e+07
Presolve removed 296 rows and 580 columns
Presolve time: 0.01s
Presolve: All rows and columns removed

Explored 0 nodes (0 simplex iterations) in 0.02 seconds
Thread count was 1 (of 4 available processors)

Solution count 2: 6.67576e+07 7.31803e+07 

Optimal solution found (tolerance 1.00e-04)
Best objective 6.675757290843e+07, best bound 6.675757290843e+07, gap 0.0000%

Gurobi 8.1.1 (mac64, Python) logging started Thu Nov  2 11:56:47 2023

Academic license - for non-commercial use only
Optimize a model with 296 rows, 580 columns and 1160 nonzeros
Variable types: 0 continuous, 580 integer (580 binary)
Coefficient statistics:
  Matrix range     [1e+00, 6e+05]
  Objective range  [3e+04, 9e+05]
  Bounds range     [1e+00, 1e+00]
  RHS range        [1e+00, 4e+05]
Found heuristic solution: objective 7.338790e+07
Presolve removed 296 rows and 580 columns
Presolve time: 0.01s
Presolve: All rows and columns removed

Explored 0 nodes (0 simplex iterations) in 0.02 seconds
Thread count was 1 (of 4 available processors)

Solution count 2: 6.67576e+07 7.33879e+07 

Optimal solution found (tolerance 1.00e-04)
Best objective 6.675757290843e+07, best bound 6.675757290843e+07, gap 0.0000%

Gurobi 8.1.1 (mac64, Python) logging started Thu Nov  2 11:57:21 2023

Academic license - for non-commercial use only
Optimize a model with 296 rows, 580 columns and 1160 nonzeros
Variable types: 0 continuous, 580 integer (580 binary)
Coefficient statistics:
  Matrix range     [1e+00, 6e+05]
  Objective range  [3e+04, 9e+05]
  Bounds range     [1e+00, 1e+00]
  RHS range        [1e+00, 4e+05]
Found heuristic solution: objective 7.322574e+07
Presolve removed 296 rows and 580 columns
Presolve time: 0.02s
Presolve: All rows and columns removed

Explored 0 nodes (0 simplex iterations) in 0.03 seconds
Thread count was 1 (of 4 available processors)

Solution count 2: 6.67576e+07 7.32257e+07 

Optimal solution found (tolerance 1.00e-04)
Best objective 6.675757290843e+07, best bound 6.675757290843e+07, gap 0.0000%

Gurobi 8.1.1 (mac64, Python) logging started Thu Nov  2 11:57:44 2023

Academic license - for non-commercial use only
Optimize a model with 296 rows, 580 columns and 1160 nonzeros
Variable types: 0 continuous, 580 integer (580 binary)
Coefficient statistics:
  Matrix range     [1e+00, 6e+05]
  Objective range  [3e+04, 9e+05]
  Bounds range     [1e+00, 1e+00]
  RHS range        [1e+00, 4e+05]
Found heuristic solution: objective 7.313207e+07
Presolve removed 296 rows and 580 columns
Presolve time: 0.00s
Presolve: All rows and columns removed

Explored 0 nodes (0 simplex iterations) in 0.00 seconds
Thread count was 1 (of 4 available processors)

Solution count 2: 6.67576e+07 7.31321e+07 

Optimal solution found (tolerance 1.00e-04)
Best objective 6.675757290843e+07, best bound 6.675757290843e+07, gap 0.0000%

Gurobi 8.1.1 (mac64, Python) logging started Thu Nov  2 11:58:26 2023

Academic license - for non-commercial use only
Optimize a model with 296 rows, 580 columns and 1160 nonzeros
Variable types: 0 continuous, 580 integer (580 binary)
Coefficient statistics:
  Matrix range     [1e+00, 6e+05]
  Objective range  [3e+04, 9e+05]
  Bounds range     [1e+00, 1e+00]
  RHS range        [1e+00, 4e+05]
Found heuristic solution: objective 7.322437e+07
Presolve removed 296 rows and 580 columns
Presolve time: 0.01s
Presolve: All rows and columns removed

Explored 0 nodes (0 simplex iterations) in 0.02 seconds
Thread count was 1 (of 4 available processors)

Solution count 2: 6.67576e+07 7.32244e+07 

Optimal solution found (tolerance 1.00e-04)
Best objective 6.675757290843e+07, best bound 6.675757290843e+07, gap 0.0000%

Gurobi 8.1.1 (mac64, Python) logging started Thu Nov  2 12:02:13 2023

Academic license - for non-commercial use only
Optimize a model with 296 rows, 580 columns and 1160 nonzeros
Variable types: 0 continuous, 580 integer (580 binary)
Coefficient statistics:
  Matrix range     [1e+00, 6e+05]
  Objective range  [3e+04, 8e+05]
  Bounds range     [1e+00, 1e+00]
  RHS range        [1e+00, 4e+05]
Found heuristic solution: objective 7.309428e+07
Presolve removed 296 rows and 580 columns
Presolve time: 0.02s
Presolve: All rows and columns removed

Explored 0 nodes (0 simplex iterations) in 0.03 seconds
Thread count was 1 (of 4 available processors)

Solution count 2: 6.67576e+07 7.30943e+07 

Optimal solution found (tolerance 1.00e-04)
Best objective 6.675757290843e+07, best bound 6.675757290843e+07, gap 0.0000%

Gurobi 8.1.1 (mac64, Python) logging started Thu Nov  2 12:04:00 2023

Academic license - for non-commercial use only
Optimize a model with 296 rows, 580 columns and 1160 nonzeros
Variable types: 0 continuous, 580 integer (580 binary)
Coefficient statistics:
  Matrix range     [1e+00, 6e+05]
  Objective range  [3e+04, 8e+05]
  Bounds range     [1e+00, 1e+00]
  RHS range        [1e+00, 4e+05]
Found heuristic solution: objective 7.325380e+07
Presolve removed 296 rows and 580 columns
Presolve time: 0.00s
Presolve: All rows and columns removed

Explored 0 nodes (0 simplex iterations) in 0.00 seconds
Thread count was 1 (of 4 available processors)

Solution count 2: 6.67576e+07 7.32538e+07 

Optimal solution found (tolerance 1.00e-04)
Best objective 6.675757290843e+07, best bound 6.675757290843e+07, gap 0.0000%

Gurobi 8.1.1 (mac64, Python) logging started Thu Nov  2 12:05:07 2023

Academic license - for non-commercial use only
Optimize a model with 296 rows, 580 columns and 1160 nonzeros
Variable types: 0 continuous, 580 integer (580 binary)
Coefficient statistics:
  Matrix range     [1e+00, 6e+05]
  Objective range  [3e+04, 8e+05]
  Bounds range     [1e+00, 1e+00]
  RHS range        [1e+00, 4e+05]
Found heuristic solution: objective 7.311981e+07
Presolve removed 296 rows and 580 columns
Presolve time: 0.00s
Presolve: All rows and columns removed

Explored 0 nodes (0 simplex iterations) in 0.00 seconds
Thread count was 1 (of 4 available processors)

Solution count 2: 6.67576e+07 7.31198e+07 

Optimal solution found (tolerance 1.00e-04)
Best objective 6.675757290843e+07, best bound 6.675757290843e+07, gap 0.0000%

Gurobi 8.1.1 (mac64, Python) logging started Thu Nov  2 12:06:21 2023

Academic license - for non-commercial use only
Optimize a model with 296 rows, 580 columns and 1160 nonzeros
Variable types: 0 continuous, 580 integer (580 binary)
Coefficient statistics:
  Matrix range     [1e+00, 6e+05]
  Objective range  [3e+04, 9e+05]
  Bounds range     [1e+00, 1e+00]
  RHS range        [1e+00, 4e+05]
Found heuristic solution: objective 7.325333e+07
Presolve removed 296 rows and 580 columns
Presolve time: 0.00s
Presolve: All rows and columns removed

Explored 0 nodes (0 simplex iterations) in 0.00 seconds
Thread count was 1 (of 4 available processors)

Solution count 2: 6.67576e+07 7.32533e+07 

Optimal solution found (tolerance 1.00e-04)
Best objective 6.675757290843e+07, best bound 6.675757290843e+07, gap 0.0000%

Gurobi 8.1.1 (mac64, Python) logging started Thu Nov  2 12:07:22 2023

Academic license - for non-commercial use only
Optimize a model with 296 rows, 580 columns and 1160 nonzeros
Variable types: 0 continuous, 580 integer (580 binary)
Coefficient statistics:
  Matrix range     [1e+00, 6e+05]
  Objective range  [3e+04, 9e+05]
  Bounds range     [1e+00, 1e+00]
  RHS range        [1e+00, 4e+05]
Found heuristic solution: objective 7.320501e+07
Presolve removed 296 rows and 580 columns
Presolve time: 0.01s
Presolve: All rows and columns removed

Explored 0 nodes (0 simplex iterations) in 0.02 seconds
Thread count was 1 (of 4 available processors)

Solution count 2: 6.67576e+07 7.3205e+07 

Optimal solution found (tolerance 1.00e-04)
Best objective 6.675757290843e+07, best bound 6.675757290843e+07, gap 0.0000%

Gurobi 8.1.1 (mac64, Python) logging started Thu Nov  2 12:08:43 2023

Academic license - for non-commercial use only
Optimize a model with 296 rows, 580 columns and 1160 nonzeros
Variable types: 0 continuous, 580 integer (580 binary)
Coefficient statistics:
  Matrix range     [1e+00, 6e+05]
  Objective range  [3e+04, 9e+05]
  Bounds range     [1e+00, 1e+00]
  RHS range        [1e+00, 4e+05]
Found heuristic solution: objective 7.311967e+07
Presolve removed 296 rows and 580 columns
Presolve time: 0.00s
Presolve: All rows and columns removed

Explored 0 nodes (0 simplex iterations) in 0.00 seconds
Thread count was 1 (of 4 available processors)

Solution count 2: 6.67576e+07 7.31197e+07 

Optimal solution found (tolerance 1.00e-04)
Best objective 6.675757290843e+07, best bound 6.675757290843e+07, gap 0.0000%

Gurobi 8.1.1 (mac64, Python) logging started Thu Nov  2 12:09:33 2023

Academic license - for non-commercial use only
Optimize a model with 296 rows, 580 columns and 1160 nonzeros
Variable types: 0 continuous, 580 integer (580 binary)
Coefficient statistics:
  Matrix range     [1e+00, 6e+05]
  Objective range  [3e+04, 9e+05]
  Bounds range     [1e+00, 1e+00]
  RHS range        [1e+00, 4e+05]
Found heuristic solution: objective 7.321661e+07
Presolve removed 296 rows and 580 columns
Presolve time: 0.01s
Presolve: All rows and columns removed

Explored 0 nodes (0 simplex iterations) in 0.02 seconds
Thread count was 1 (of 4 available processors)

Solution count 2: 6.67576e+07 7.32166e+07 

Optimal solution found (tolerance 1.00e-04)
Best objective 6.675757290843e+07, best bound 6.675757290843e+07, gap 0.0000%

Gurobi 8.1.1 (mac64, Python) logging started Thu Nov  2 12:13:07 2023

Academic license - for non-commercial use only
Optimize a model with 296 rows, 580 columns and 1160 nonzeros
Variable types: 0 continuous, 580 integer (580 binary)
Coefficient statistics:
  Matrix range     [1e+00, 6e+05]
  Objective range  [3e+04, 9e+05]
  Bounds range     [1e+00, 1e+00]
  RHS range        [1e+00, 4e+05]
Found heuristic solution: objective 7.329533e+07
Presolve removed 296 rows and 580 columns
Presolve time: 0.01s
Presolve: All rows and columns removed

Explored 0 nodes (0 simplex iterations) in 0.02 seconds
Thread count was 1 (of 4 available processors)

Solution count 2: 6.67576e+07 7.32953e+07 

Optimal solution found (tolerance 1.00e-04)
Best objective 6.675757290843e+07, best bound 6.675757290843e+07, gap 0.0000%

Gurobi 8.1.1 (mac64, Python) logging started Thu Nov  2 12:15:03 2023

Academic license - for non-commercial use only
Optimize a model with 296 rows, 580 columns and 1160 nonzeros
Variable types: 0 continuous, 580 integer (580 binary)
Coefficient statistics:
  Matrix range     [1e+00, 6e+05]
  Objective range  [3e+04, 9e+05]
  Bounds range     [1e+00, 1e+00]
  RHS range        [1e+00, 4e+05]
Found heuristic solution: objective 7.329027e+07
Presolve removed 296 rows and 580 columns
Presolve time: 0.01s
Presolve: All rows and columns removed

Explored 0 nodes (0 simplex iterations) in 0.02 seconds
Thread count was 1 (of 4 available processors)

Solution count 2: 6.67576e+07 7.32903e+07 

Optimal solution found (tolerance 1.00e-04)
Best objective 6.675757290843e+07, best bound 6.675757290843e+07, gap 0.0000%

Gurobi 8.1.1 (mac64, Python) logging started Thu Nov  2 12:17:04 2023

Academic license - for non-commercial use only
Optimize a model with 296 rows, 580 columns and 1160 nonzeros
Variable types: 0 continuous, 580 integer (580 binary)
Coefficient statistics:
  Matrix range     [1e+00, 6e+05]
  Objective range  [3e+04, 9e+05]
  Bounds range     [1e+00, 1e+00]
  RHS range        [1e+00, 4e+05]
Found heuristic solution: objective 7.318307e+07
Presolve removed 296 rows and 580 columns
Presolve time: 0.01s
Presolve: All rows and columns removed

Explored 0 nodes (0 simplex iterations) in 0.02 seconds
Thread count was 1 (of 4 available processors)

Solution count 2: 6.67576e+07 7.31831e+07 

Optimal solution found (tolerance 1.00e-04)
Best objective 6.675757290843e+07, best bound 6.675757290843e+07, gap 0.0000%

Gurobi 8.1.1 (mac64, Python) logging started Thu Nov  2 12:19:38 2023

Academic license - for non-commercial use only
Optimize a model with 296 rows, 580 columns and 1160 nonzeros
Variable types: 0 continuous, 580 integer (580 binary)
Coefficient statistics:
  Matrix range     [1e+00, 6e+05]
  Objective range  [3e+04, 8e+05]
  Bounds range     [1e+00, 1e+00]
  RHS range        [1e+00, 4e+05]
Found heuristic solution: objective 7.327087e+07
Presolve removed 296 rows and 580 columns
Presolve time: 0.01s
Presolve: All rows and columns removed

Explored 0 nodes (0 simplex iterations) in 0.03 seconds
Thread count was 1 (of 4 available processors)

Solution count 2: 6.67576e+07 7.32709e+07 

Optimal solution found (tolerance 1.00e-04)
Best objective 6.675757290843e+07, best bound 6.675757290843e+07, gap 0.0000%

Gurobi 8.1.1 (mac64, Python) logging started Thu Nov  2 12:19:52 2023

Academic license - for non-commercial use only
Optimize a model with 296 rows, 580 columns and 1160 nonzeros
Variable types: 0 continuous, 580 integer (580 binary)
Coefficient statistics:
  Matrix range     [1e+00, 6e+05]
  Objective range  [3e+04, 9e+05]
  Bounds range     [1e+00, 1e+00]
  RHS range        [1e+00, 4e+05]
Found heuristic solution: objective 7.310896e+07
Presolve removed 296 rows and 580 columns
Presolve time: 0.00s
Presolve: All rows and columns removed

Explored 0 nodes (0 simplex iterations) in 0.00 seconds
Thread count was 1 (of 4 available processors)

Solution count 2: 6.67576e+07 7.3109e+07 

Optimal solution found (tolerance 1.00e-04)
Best objective 6.675757290843e+07, best bound 6.675757290843e+07, gap 0.0000%

Gurobi 8.1.1 (mac64, Python) logging started Thu Nov  2 12:20:39 2023

Academic license - for non-commercial use only
Optimize a model with 296 rows, 580 columns and 1160 nonzeros
Variable types: 0 continuous, 580 integer (580 binary)
Coefficient statistics:
  Matrix range     [1e+00, 6e+05]
  Objective range  [3e+04, 9e+05]
  Bounds range     [1e+00, 1e+00]
  RHS range        [1e+00, 4e+05]
Found heuristic solution: objective 7.332252e+07
Presolve removed 296 rows and 580 columns
Presolve time: 0.00s
Presolve: All rows and columns removed

Explored 0 nodes (0 simplex iterations) in 0.00 seconds
Thread count was 1 (of 4 available processors)

Solution count 2: 6.67576e+07 7.33225e+07 

Optimal solution found (tolerance 1.00e-04)
Best objective 6.675757290843e+07, best bound 6.675757290843e+07, gap 0.0000%

Gurobi 8.1.1 (mac64, Python) logging started Thu Nov  2 12:22:42 2023

Academic license - for non-commercial use only
Optimize a model with 296 rows, 580 columns and 1160 nonzeros
Variable types: 0 continuous, 580 integer (580 binary)
Coefficient statistics:
  Matrix range     [1e+00, 6e+05]
  Objective range  [3e+04, 8e+05]
  Bounds range     [1e+00, 1e+00]
  RHS range        [1e+00, 4e+05]
Found heuristic solution: objective 7.332554e+07
Presolve removed 296 rows and 580 columns
Presolve time: 0.01s
Presolve: All rows and columns removed

Explored 0 nodes (0 simplex iterations) in 0.02 seconds
Thread count was 1 (of 4 available processors)

Solution count 2: 6.67576e+07 7.33255e+07 

Optimal solution found (tolerance 1.00e-04)
Best objective 6.675757290843e+07, best bound 6.675757290843e+07, gap 0.0000%

Gurobi 8.1.1 (mac64, Python) logging started Thu Nov  2 12:23:34 2023

Academic license - for non-commercial use only
Optimize a model with 296 rows, 580 columns and 1160 nonzeros
Variable types: 0 continuous, 580 integer (580 binary)
Coefficient statistics:
  Matrix range     [1e+00, 6e+05]
  Objective range  [3e+04, 9e+05]
  Bounds range     [1e+00, 1e+00]
  RHS range        [1e+00, 4e+05]
Found heuristic solution: objective 7.331009e+07
Presolve removed 296 rows and 580 columns
Presolve time: 0.01s
Presolve: All rows and columns removed

Explored 0 nodes (0 simplex iterations) in 0.02 seconds
Thread count was 1 (of 4 available processors)

Solution count 2: 6.67576e+07 7.33101e+07 

Optimal solution found (tolerance 1.00e-04)
Best objective 6.675757290843e+07, best bound 6.675757290843e+07, gap 0.0000%

Gurobi 8.1.1 (mac64, Python) logging started Thu Nov  2 12:32:11 2023

Academic license - for non-commercial use only
Optimize a model with 296 rows, 580 columns and 1160 nonzeros
Variable types: 0 continuous, 580 integer (580 binary)
Coefficient statistics:
  Matrix range     [1e+00, 6e+05]
  Objective range  [3e+04, 8e+05]
  Bounds range     [1e+00, 1e+00]
  RHS range        [1e+00, 4e+05]
Found heuristic solution: objective 7.314779e+07
Presolve removed 296 rows and 580 columns
Presolve time: 0.02s
Presolve: All rows and columns removed

Explored 0 nodes (0 simplex iterations) in 0.02 seconds
Thread count was 1 (of 4 available processors)

Solution count 2: 6.67576e+07 7.31478e+07 

Optimal solution found (tolerance 1.00e-04)
Best objective 6.675757290843e+07, best bound 6.675757290843e+07, gap 0.0000%

Gurobi 8.1.1 (mac64, Python) logging started Thu Nov  2 12:32:25 2023

Academic license - for non-commercial use only
Optimize a model with 296 rows, 580 columns and 1160 nonzeros
Variable types: 0 continuous, 580 integer (580 binary)
Coefficient statistics:
  Matrix range     [1e+00, 6e+05]
  Objective range  [3e+04, 8e+05]
  Bounds range     [1e+00, 1e+00]
  RHS range        [1e+00, 4e+05]
Found heuristic solution: objective 7.322654e+07
Presolve removed 296 rows and 580 columns
Presolve time: 0.00s
Presolve: All rows and columns removed

Explored 0 nodes (0 simplex iterations) in 0.00 seconds
Thread count was 1 (of 4 available processors)

Solution count 2: 6.67576e+07 7.32265e+07 

Optimal solution found (tolerance 1.00e-04)
Best objective 6.675757290843e+07, best bound 6.675757290843e+07, gap 0.0000%

Gurobi 8.1.1 (mac64, Python) logging started Thu Nov  2 12:33:31 2023

Academic license - for non-commercial use only
Optimize a model with 296 rows, 580 columns and 1160 nonzeros
Variable types: 0 continuous, 580 integer (580 binary)
Coefficient statistics:
  Matrix range     [1e+00, 6e+05]
  Objective range  [3e+04, 9e+05]
  Bounds range     [1e+00, 1e+00]
  RHS range        [1e+00, 4e+05]
Found heuristic solution: objective 7.323400e+07
Presolve removed 296 rows and 580 columns
Presolve time: 0.00s
Presolve: All rows and columns removed

Explored 0 nodes (0 simplex iterations) in 0.00 seconds
Thread count was 1 (of 4 available processors)

Solution count 2: 6.67576e+07 7.3234e+07 

Optimal solution found (tolerance 1.00e-04)
Best objective 6.675757290843e+07, best bound 6.675757290843e+07, gap 0.0000%

Gurobi 8.1.1 (mac64, Python) logging started Thu Nov  2 12:47:15 2023

Academic license - for non-commercial use only
Optimize a model with 296 rows, 580 columns and 1160 nonzeros
Variable types: 0 continuous, 580 integer (580 binary)
Coefficient statistics:
  Matrix range     [1e+00, 6e+05]
  Objective range  [3e+04, 9e+05]
  Bounds range     [1e+00, 1e+00]
  RHS range        [1e+00, 4e+05]
Found heuristic solution: objective 7.321277e+07
Presolve removed 296 rows and 580 columns
Presolve time: 0.01s
Presolve: All rows and columns removed

Explored 0 nodes (0 simplex iterations) in 0.02 seconds
Thread count was 1 (of 4 available processors)

Solution count 2: 6.67576e+07 7.32128e+07 

Optimal solution found (tolerance 1.00e-04)
Best objective 6.675757290843e+07, best bound 6.675757290843e+07, gap 0.0000%

Gurobi 8.1.1 (mac64, Python) logging started Thu Nov  2 12:47:39 2023

Academic license - for non-commercial use only
Optimize a model with 296 rows, 580 columns and 1160 nonzeros
Variable types: 0 continuous, 580 integer (580 binary)
Coefficient statistics:
  Matrix range     [1e+00, 6e+05]
  Objective range  [3e+04, 8e+05]
  Bounds range     [1e+00, 1e+00]
  RHS range        [1e+00, 4e+05]
Found heuristic solution: objective 7.324076e+07
Presolve removed 296 rows and 580 columns
Presolve time: 0.00s
Presolve: All rows and columns removed

Explored 0 nodes (0 simplex iterations) in 0.00 seconds
Thread count was 1 (of 4 available processors)

Solution count 2: 6.67576e+07 7.32408e+07 

Optimal solution found (tolerance 1.00e-04)
Best objective 6.675757290843e+07, best bound 6.675757290843e+07, gap 0.0000%

Gurobi 8.1.1 (mac64, Python) logging started Thu Nov  2 12:48:37 2023

Academic license - for non-commercial use only
Optimize a model with 296 rows, 580 columns and 1160 nonzeros
Variable types: 0 continuous, 580 integer (580 binary)
Coefficient statistics:
  Matrix range     [1e+00, 6e+05]
  Objective range  [3e+04, 9e+05]
  Bounds range     [1e+00, 1e+00]
  RHS range        [1e+00, 4e+05]
Found heuristic solution: objective 7.325987e+07
Presolve removed 296 rows and 580 columns
Presolve time: 0.01s
Presolve: All rows and columns removed

Explored 0 nodes (0 simplex iterations) in 0.02 seconds
Thread count was 1 (of 4 available processors)

Solution count 2: 6.67576e+07 7.32599e+07 

Optimal solution found (tolerance 1.00e-04)
Best objective 6.675757290843e+07, best bound 6.675757290843e+07, gap 0.0000%

Gurobi 8.1.1 (mac64, Python) logging started Thu Nov  2 12:49:12 2023

Academic license - for non-commercial use only
Optimize a model with 296 rows, 580 columns and 1160 nonzeros
Variable types: 0 continuous, 580 integer (580 binary)
Coefficient statistics:
  Matrix range     [1e+00, 6e+05]
  Objective range  [3e+04, 9e+05]
  Bounds range     [1e+00, 1e+00]
  RHS range        [1e+00, 4e+05]
Found heuristic solution: objective 7.318274e+07
Presolve removed 296 rows and 580 columns
Presolve time: 0.00s
Presolve: All rows and columns removed

Explored 0 nodes (0 simplex iterations) in 0.00 seconds
Thread count was 1 (of 4 available processors)

Solution count 2: 6.67576e+07 7.31827e+07 

Optimal solution found (tolerance 1.00e-04)
Best objective 6.675757290843e+07, best bound 6.675757290843e+07, gap 0.0000%

Gurobi 8.1.1 (mac64, Python) logging started Thu Nov  2 12:49:28 2023

Academic license - for non-commercial use only
Optimize a model with 296 rows, 580 columns and 1160 nonzeros
Variable types: 0 continuous, 580 integer (580 binary)
Coefficient statistics:
  Matrix range     [1e+00, 6e+05]
  Objective range  [3e+04, 8e+05]
  Bounds range     [1e+00, 1e+00]
  RHS range        [1e+00, 4e+05]
Found heuristic solution: objective 7.315871e+07
Presolve removed 296 rows and 580 columns
Presolve time: 0.00s
Presolve: All rows and columns removed

Explored 0 nodes (0 simplex iterations) in 0.00 seconds
Thread count was 1 (of 4 available processors)

Solution count 2: 6.67576e+07 7.31587e+07 

Optimal solution found (tolerance 1.00e-04)
Best objective 6.675757290843e+07, best bound 6.675757290843e+07, gap 0.0000%

Gurobi 8.1.1 (mac64, Python) logging started Thu Nov  2 13:02:10 2023

Academic license - for non-commercial use only
Optimize a model with 296 rows, 580 columns and 1160 nonzeros
Variable types: 0 continuous, 580 integer (580 binary)
Coefficient statistics:
  Matrix range     [1e+00, 6e+05]
  Objective range  [3e+04, 9e+05]
  Bounds range     [1e+00, 1e+00]
  RHS range        [1e+00, 4e+05]
Found heuristic solution: objective 7.326609e+07
Presolve removed 296 rows and 580 columns
Presolve time: 0.01s
Presolve: All rows and columns removed

Explored 0 nodes (0 simplex iterations) in 0.02 seconds
Thread count was 1 (of 4 available processors)

Solution count 2: 6.67576e+07 7.32661e+07 

Optimal solution found (tolerance 1.00e-04)
Best objective 6.675757290843e+07, best bound 6.675757290843e+07, gap 0.0000%

Gurobi 8.1.1 (mac64, Python) logging started Thu Nov  2 13:02:28 2023

Academic license - for non-commercial use only
Optimize a model with 296 rows, 580 columns and 1160 nonzeros
Variable types: 0 continuous, 580 integer (580 binary)
Coefficient statistics:
  Matrix range     [1e+00, 6e+05]
  Objective range  [3e+04, 9e+05]
  Bounds range     [1e+00, 1e+00]
  RHS range        [1e+00, 4e+05]
Found heuristic solution: objective 7.328529e+07
Presolve removed 296 rows and 580 columns
Presolve time: 0.00s
Presolve: All rows and columns removed

Explored 0 nodes (0 simplex iterations) in 0.00 seconds
Thread count was 1 (of 4 available processors)

Solution count 2: 6.67576e+07 7.32853e+07 

Optimal solution found (tolerance 1.00e-04)
Best objective 6.675757290843e+07, best bound 6.675757290843e+07, gap 0.0000%

Gurobi 8.1.1 (mac64, Python) logging started Thu Nov  2 13:03:08 2023

Academic license - for non-commercial use only
Optimize a model with 296 rows, 580 columns and 1160 nonzeros
Variable types: 0 continuous, 580 integer (580 binary)
Coefficient statistics:
  Matrix range     [1e+00, 6e+05]
  Objective range  [3e+04, 9e+05]
  Bounds range     [1e+00, 1e+00]
  RHS range        [1e+00, 4e+05]
Found heuristic solution: objective 7.332028e+07
Presolve removed 296 rows and 580 columns
Presolve time: 0.00s
Presolve: All rows and columns removed

Explored 0 nodes (0 simplex iterations) in 0.00 seconds
Thread count was 1 (of 4 available processors)

Solution count 2: 6.67576e+07 7.33203e+07 

Optimal solution found (tolerance 1.00e-04)
Best objective 6.675757290843e+07, best bound 6.675757290843e+07, gap 0.0000%

Gurobi 8.1.1 (mac64, Python) logging started Thu Nov  2 13:03:27 2023

Academic license - for non-commercial use only
Optimize a model with 296 rows, 580 columns and 1160 nonzeros
Variable types: 0 continuous, 580 integer (580 binary)
Coefficient statistics:
  Matrix range     [1e+00, 6e+05]
  Objective range  [3e+04, 9e+05]
  Bounds range     [1e+00, 1e+00]
  RHS range        [1e+00, 4e+05]
Found heuristic solution: objective 7.333875e+07
Presolve removed 296 rows and 580 columns
Presolve time: 0.00s
Presolve: All rows and columns removed

Explored 0 nodes (0 simplex iterations) in 0.00 seconds
Thread count was 1 (of 4 available processors)

Solution count 2: 6.67576e+07 7.33387e+07 

Optimal solution found (tolerance 1.00e-04)
Best objective 6.675757290843e+07, best bound 6.675757290843e+07, gap 0.0000%

Gurobi 8.1.1 (mac64, Python) logging started Thu Nov  2 13:04:28 2023

Academic license - for non-commercial use only
Optimize a model with 296 rows, 580 columns and 1160 nonzeros
Variable types: 0 continuous, 580 integer (580 binary)
Coefficient statistics:
  Matrix range     [1e+00, 6e+05]
  Objective range  [3e+04, 9e+05]
  Bounds range     [1e+00, 1e+00]
  RHS range        [1e+00, 4e+05]
Found heuristic solution: objective 7.320862e+07
Presolve removed 296 rows and 580 columns
Presolve time: 0.05s
Presolve: All rows and columns removed

Explored 0 nodes (0 simplex iterations) in 0.07 seconds
Thread count was 1 (of 4 available processors)

Solution count 2: 6.67576e+07 7.32086e+07 

Optimal solution found (tolerance 1.00e-04)
Best objective 6.675757290843e+07, best bound 6.675757290843e+07, gap 0.0000%

Gurobi 8.1.1 (mac64, Python) logging started Thu Nov  2 13:05:29 2023

Academic license - for non-commercial use only
Optimize a model with 296 rows, 580 columns and 1160 nonzeros
Variable types: 0 continuous, 580 integer (580 binary)
Coefficient statistics:
  Matrix range     [1e+00, 6e+05]
  Objective range  [3e+04, 9e+05]
  Bounds range     [1e+00, 1e+00]
  RHS range        [1e+00, 4e+05]
Found heuristic solution: objective 7.309918e+07
Presolve removed 296 rows and 580 columns
Presolve time: 0.01s
Presolve: All rows and columns removed

Explored 0 nodes (0 simplex iterations) in 0.02 seconds
Thread count was 1 (of 4 available processors)

Solution count 2: 6.67576e+07 7.30992e+07 

Optimal solution found (tolerance 1.00e-04)
Best objective 6.675757290843e+07, best bound 6.675757290843e+07, gap 0.0000%

Gurobi 8.1.1 (mac64, Python) logging started Thu Nov  2 13:05:42 2023

Academic license - for non-commercial use only
Optimize a model with 296 rows, 580 columns and 1160 nonzeros
Variable types: 0 continuous, 580 integer (580 binary)
Coefficient statistics:
  Matrix range     [1e+00, 6e+05]
  Objective range  [3e+04, 8e+05]
  Bounds range     [1e+00, 1e+00]
  RHS range        [1e+00, 4e+05]
Found heuristic solution: objective 7.317153e+07
Presolve removed 296 rows and 580 columns
Presolve time: 0.00s
Presolve: All rows and columns removed

Explored 0 nodes (0 simplex iterations) in 0.00 seconds
Thread count was 1 (of 4 available processors)

Solution count 2: 6.67576e+07 7.31715e+07 

Optimal solution found (tolerance 1.00e-04)
Best objective 6.675757290843e+07, best bound 6.675757290843e+07, gap 0.0000%

Gurobi 8.1.1 (mac64, Python) logging started Thu Nov  2 13:08:46 2023

Academic license - for non-commercial use only
Optimize a model with 296 rows, 580 columns and 1160 nonzeros
Variable types: 0 continuous, 580 integer (580 binary)
Coefficient statistics:
  Matrix range     [1e+00, 6e+05]
  Objective range  [3e+04, 9e+05]
  Bounds range     [1e+00, 1e+00]
  RHS range        [1e+00, 4e+05]
Found heuristic solution: objective 7.324272e+07
Presolve removed 296 rows and 580 columns
Presolve time: 0.01s
Presolve: All rows and columns removed

Explored 0 nodes (0 simplex iterations) in 0.02 seconds
Thread count was 1 (of 4 available processors)

Solution count 2: 6.67576e+07 7.32427e+07 

Optimal solution found (tolerance 1.00e-04)
Best objective 6.675757290843e+07, best bound 6.675757290843e+07, gap 0.0000%

Gurobi 8.1.1 (mac64, Python) logging started Thu Nov  2 13:09:24 2023

Academic license - for non-commercial use only
Optimize a model with 296 rows, 580 columns and 1160 nonzeros
Variable types: 0 continuous, 580 integer (580 binary)
Coefficient statistics:
  Matrix range     [1e+00, 6e+05]
  Objective range  [3e+04, 8e+05]
  Bounds range     [1e+00, 1e+00]
  RHS range        [1e+00, 4e+05]
Found heuristic solution: objective 7.323603e+07
Presolve removed 296 rows and 580 columns
Presolve time: 0.01s
Presolve: All rows and columns removed

Explored 0 nodes (0 simplex iterations) in 0.02 seconds
Thread count was 1 (of 4 available processors)

Solution count 2: 6.67576e+07 7.3236e+07 

Optimal solution found (tolerance 1.00e-04)
Best objective 6.675757290843e+07, best bound 6.675757290843e+07, gap 0.0000%

Gurobi 8.1.1 (mac64, Python) logging started Thu Nov  2 13:10:35 2023

Academic license - for non-commercial use only
Optimize a model with 296 rows, 580 columns and 1160 nonzeros
Variable types: 0 continuous, 580 integer (580 binary)
Coefficient statistics:
  Matrix range     [1e+00, 6e+05]
  Objective range  [3e+04, 9e+05]
  Bounds range     [1e+00, 1e+00]
  RHS range        [1e+00, 4e+05]
Found heuristic solution: objective 7.333018e+07
Presolve removed 296 rows and 580 columns
Presolve time: 0.00s
Presolve: All rows and columns removed

Explored 0 nodes (0 simplex iterations) in 0.00 seconds
Thread count was 1 (of 4 available processors)

Solution count 2: 6.67576e+07 7.33302e+07 

Optimal solution found (tolerance 1.00e-04)
Best objective 6.675757290843e+07, best bound 6.675757290843e+07, gap 0.0000%

Gurobi 8.1.1 (mac64, Python) logging started Thu Nov  2 13:11:56 2023

Academic license - for non-commercial use only
Optimize a model with 296 rows, 580 columns and 1160 nonzeros
Variable types: 0 continuous, 580 integer (580 binary)
Coefficient statistics:
  Matrix range     [1e+00, 6e+05]
  Objective range  [3e+04, 9e+05]
  Bounds range     [1e+00, 1e+00]
  RHS range        [1e+00, 4e+05]
Found heuristic solution: objective 7.320948e+07
Presolve removed 296 rows and 580 columns
Presolve time: 0.00s
Presolve: All rows and columns removed

Explored 0 nodes (0 simplex iterations) in 0.00 seconds
Thread count was 1 (of 4 available processors)

Solution count 2: 6.67576e+07 7.32095e+07 

Optimal solution found (tolerance 1.00e-04)
Best objective 6.675757290843e+07, best bound 6.675757290843e+07, gap 0.0000%

Gurobi 8.1.1 (mac64, Python) logging started Thu Nov  2 13:12:07 2023

Academic license - for non-commercial use only
Optimize a model with 296 rows, 580 columns and 1160 nonzeros
Variable types: 0 continuous, 580 integer (580 binary)
Coefficient statistics:
  Matrix range     [1e+00, 6e+05]
  Objective range  [3e+04, 9e+05]
  Bounds range     [1e+00, 1e+00]
  RHS range        [1e+00, 4e+05]
Found heuristic solution: objective 7.321841e+07
Presolve removed 296 rows and 580 columns
Presolve time: 0.00s
Presolve: All rows and columns removed

Explored 0 nodes (0 simplex iterations) in 0.00 seconds
Thread count was 1 (of 4 available processors)

Solution count 2: 6.67576e+07 7.32184e+07 

Optimal solution found (tolerance 1.00e-04)
Best objective 6.675757290843e+07, best bound 6.675757290843e+07, gap 0.0000%

Gurobi 8.1.1 (mac64, Python) logging started Thu Nov  2 13:13:13 2023

Academic license - for non-commercial use only
Optimize a model with 296 rows, 580 columns and 1160 nonzeros
Variable types: 0 continuous, 580 integer (580 binary)
Coefficient statistics:
  Matrix range     [1e+00, 6e+05]
  Objective range  [3e+04, 9e+05]
  Bounds range     [1e+00, 1e+00]
  RHS range        [1e+00, 4e+05]
Found heuristic solution: objective 7.331005e+07
Presolve removed 296 rows and 580 columns
Presolve time: 0.01s
Presolve: All rows and columns removed

Explored 0 nodes (0 simplex iterations) in 0.02 seconds
Thread count was 1 (of 4 available processors)

Solution count 2: 6.67576e+07 7.33101e+07 

Optimal solution found (tolerance 1.00e-04)
Best objective 6.675757290843e+07, best bound 6.675757290843e+07, gap 0.0000%

Gurobi 8.1.1 (mac64, Python) logging started Thu Nov  2 13:15:58 2023

Academic license - for non-commercial use only
Optimize a model with 296 rows, 580 columns and 1160 nonzeros
Variable types: 0 continuous, 580 integer (580 binary)
Coefficient statistics:
  Matrix range     [1e+00, 6e+05]
  Objective range  [3e+04, 9e+05]
  Bounds range     [1e+00, 1e+00]
  RHS range        [1e+00, 4e+05]
Found heuristic solution: objective 7.325698e+07
Presolve removed 296 rows and 580 columns
Presolve time: 0.01s
Presolve: All rows and columns removed

Explored 0 nodes (0 simplex iterations) in 0.02 seconds
Thread count was 1 (of 4 available processors)

Solution count 2: 6.67576e+07 7.3257e+07 

Optimal solution found (tolerance 1.00e-04)
Best objective 6.675757290843e+07, best bound 6.675757290843e+07, gap 0.0000%

Gurobi 8.1.1 (mac64, Python) logging started Thu Nov  2 13:16:43 2023

Academic license - for non-commercial use only
Optimize a model with 296 rows, 580 columns and 1160 nonzeros
Variable types: 0 continuous, 580 integer (580 binary)
Coefficient statistics:
  Matrix range     [1e+00, 6e+05]
  Objective range  [3e+04, 8e+05]
  Bounds range     [1e+00, 1e+00]
  RHS range        [1e+00, 4e+05]
Found heuristic solution: objective 7.328897e+07
Presolve removed 296 rows and 580 columns
Presolve time: 0.01s
Presolve: All rows and columns removed

Explored 0 nodes (0 simplex iterations) in 0.01 seconds
Thread count was 1 (of 4 available processors)

Solution count 2: 6.67576e+07 7.3289e+07 

Optimal solution found (tolerance 1.00e-04)
Best objective 6.675757290843e+07, best bound 6.675757290843e+07, gap 0.0000%

Gurobi 8.1.1 (mac64, Python) logging started Thu Nov  2 13:17:19 2023

Academic license - for non-commercial use only
Optimize a model with 296 rows, 580 columns and 1160 nonzeros
Variable types: 0 continuous, 580 integer (580 binary)
Coefficient statistics:
  Matrix range     [1e+00, 6e+05]
  Objective range  [3e+04, 9e+05]
  Bounds range     [1e+00, 1e+00]
  RHS range        [1e+00, 4e+05]
Found heuristic solution: objective 7.330044e+07
Presolve removed 296 rows and 580 columns
Presolve time: 0.00s
Presolve: All rows and columns removed

Explored 0 nodes (0 simplex iterations) in 0.00 seconds
Thread count was 1 (of 4 available processors)

Solution count 2: 6.67576e+07 7.33004e+07 

Optimal solution found (tolerance 1.00e-04)
Best objective 6.675757290843e+07, best bound 6.675757290843e+07, gap 0.0000%

Gurobi 8.1.1 (mac64, Python) logging started Thu Nov  2 13:18:25 2023

Academic license - for non-commercial use only
Optimize a model with 296 rows, 580 columns and 1160 nonzeros
Variable types: 0 continuous, 580 integer (580 binary)
Coefficient statistics:
  Matrix range     [1e+00, 6e+05]
  Objective range  [3e+04, 9e+05]
  Bounds range     [1e+00, 1e+00]
  RHS range        [1e+00, 4e+05]
Found heuristic solution: objective 7.326888e+07
Presolve removed 296 rows and 580 columns
Presolve time: 0.03s
Presolve: All rows and columns removed

Explored 0 nodes (0 simplex iterations) in 0.04 seconds
Thread count was 1 (of 4 available processors)

Solution count 2: 6.67576e+07 7.32689e+07 

Optimal solution found (tolerance 1.00e-04)
Best objective 6.675757290843e+07, best bound 6.675757290843e+07, gap 0.0000%

Gurobi 8.1.1 (mac64, Python) logging started Thu Nov  2 13:22:05 2023

Academic license - for non-commercial use only
Optimize a model with 296 rows, 580 columns and 1160 nonzeros
Variable types: 0 continuous, 580 integer (580 binary)
Coefficient statistics:
  Matrix range     [1e+00, 6e+05]
  Objective range  [3e+04, 9e+05]
  Bounds range     [1e+00, 1e+00]
  RHS range        [1e+00, 4e+05]
Found heuristic solution: objective 7.315727e+07
Presolve removed 296 rows and 580 columns
Presolve time: 0.01s
Presolve: All rows and columns removed

Explored 0 nodes (0 simplex iterations) in 0.02 seconds
Thread count was 1 (of 4 available processors)

Solution count 2: 6.67505e+07 7.31573e+07 

Optimal solution found (tolerance 1.00e-04)
Best objective 6.675050323601e+07, best bound 6.675050323601e+07, gap 0.0000%

Gurobi 8.1.1 (mac64, Python) logging started Thu Nov  2 13:25:07 2023

Academic license - for non-commercial use only
Optimize a model with 296 rows, 580 columns and 1160 nonzeros
Variable types: 0 continuous, 580 integer (580 binary)
Coefficient statistics:
  Matrix range     [1e+00, 6e+05]
  Objective range  [3e+04, 9e+05]
  Bounds range     [1e+00, 1e+00]
  RHS range        [1e+00, 4e+05]
Found heuristic solution: objective 7.328390e+07
Presolve removed 296 rows and 580 columns
Presolve time: 0.02s
Presolve: All rows and columns removed

Explored 0 nodes (0 simplex iterations) in 0.02 seconds
Thread count was 1 (of 4 available processors)

Solution count 2: 6.67576e+07 7.32839e+07 

Optimal solution found (tolerance 1.00e-04)
Best objective 6.675757290843e+07, best bound 6.675757290843e+07, gap 0.0000%

Gurobi 8.1.1 (mac64, Python) logging started Thu Nov  2 13:25:24 2023

Academic license - for non-commercial use only
Optimize a model with 296 rows, 580 columns and 1160 nonzeros
Variable types: 0 continuous, 580 integer (580 binary)
Coefficient statistics:
  Matrix range     [1e+00, 6e+05]
  Objective range  [3e+04, 9e+05]
  Bounds range     [1e+00, 1e+00]
  RHS range        [1e+00, 4e+05]
Found heuristic solution: objective 7.326470e+07
Presolve removed 296 rows and 580 columns
Presolve time: 0.00s
Presolve: All rows and columns removed

Explored 0 nodes (0 simplex iterations) in 0.00 seconds
Thread count was 1 (of 4 available processors)

Solution count 2: 6.67576e+07 7.32647e+07 

Optimal solution found (tolerance 1.00e-04)
Best objective 6.675757290843e+07, best bound 6.675757290843e+07, gap 0.0000%

Gurobi 8.1.1 (mac64, Python) logging started Thu Nov  2 13:25:43 2023

Academic license - for non-commercial use only
Optimize a model with 296 rows, 580 columns and 1160 nonzeros
Variable types: 0 continuous, 580 integer (580 binary)
Coefficient statistics:
  Matrix range     [1e+00, 6e+05]
  Objective range  [3e+04, 9e+05]
  Bounds range     [1e+00, 1e+00]
  RHS range        [1e+00, 4e+05]
Found heuristic solution: objective 7.320962e+07
Presolve removed 296 rows and 580 columns
Presolve time: 0.00s
Presolve: All rows and columns removed

Explored 0 nodes (0 simplex iterations) in 0.00 seconds
Thread count was 1 (of 4 available processors)

Solution count 2: 6.67576e+07 7.32096e+07 

Optimal solution found (tolerance 1.00e-04)
Best objective 6.675757290843e+07, best bound 6.675757290843e+07, gap 0.0000%

Gurobi 8.1.1 (mac64, Python) logging started Thu Nov  2 13:31:21 2023

Academic license - for non-commercial use only
Optimize a model with 296 rows, 580 columns and 1160 nonzeros
Variable types: 0 continuous, 580 integer (580 binary)
Coefficient statistics:
  Matrix range     [1e+00, 6e+05]
  Objective range  [3e+04, 9e+05]
  Bounds range     [1e+00, 1e+00]
  RHS range        [1e+00, 4e+05]
Found heuristic solution: objective 7.324842e+07
Presolve removed 296 rows and 580 columns
Presolve time: 0.01s
Presolve: All rows and columns removed

Explored 0 nodes (0 simplex iterations) in 0.02 seconds
Thread count was 1 (of 4 available processors)

Solution count 2: 6.67576e+07 7.32484e+07 

Optimal solution found (tolerance 1.00e-04)
Best objective 6.675757290843e+07, best bound 6.675757290843e+07, gap 0.0000%

Gurobi 8.1.1 (mac64, Python) logging started Thu Nov  2 14:13:14 2023

Academic license - for non-commercial use only
Optimize a model with 296 rows, 580 columns and 1160 nonzeros
Variable types: 0 continuous, 580 integer (580 binary)
Coefficient statistics:
  Matrix range     [1e+00, 6e+05]
  Objective range  [3e+04, 9e+05]
  Bounds range     [1e+00, 1e+00]
  RHS range        [1e+00, 4e+05]
Found heuristic solution: objective 7.329944e+07
Presolve removed 296 rows and 580 columns
Presolve time: 0.04s
Presolve: All rows and columns removed

Explored 0 nodes (0 simplex iterations) in 0.07 seconds
Thread count was 1 (of 4 available processors)

Solution count 2: 6.67576e+07 7.32994e+07 

Optimal solution found (tolerance 1.00e-04)
Best objective 6.675757290843e+07, best bound 6.675757290843e+07, gap 0.0000%

Gurobi 8.1.1 (mac64, Python) logging started Thu Nov  2 14:14:20 2023

Academic license - for non-commercial use only
Optimize a model with 296 rows, 580 columns and 1160 nonzeros
Variable types: 0 continuous, 580 integer (580 binary)
Coefficient statistics:
  Matrix range     [1e+00, 6e+05]
  Objective range  [3e+04, 8e+05]
  Bounds range     [1e+00, 1e+00]
  RHS range        [1e+00, 4e+05]
Found heuristic solution: objective 7.323662e+07
Presolve removed 296 rows and 580 columns
Presolve time: 0.01s
Presolve: All rows and columns removed

Explored 0 nodes (0 simplex iterations) in 0.02 seconds
Thread count was 1 (of 4 available processors)

Solution count 2: 6.67576e+07 7.32366e+07 

Optimal solution found (tolerance 1.00e-04)
Best objective 6.675757290843e+07, best bound 6.675757290843e+07, gap 0.0000%

Gurobi 8.1.1 (mac64, Python) logging started Thu Nov  2 20:35:13 2023

Academic license - for non-commercial use only
Optimize a model with 296 rows, 580 columns and 1160 nonzeros
Variable types: 0 continuous, 580 integer (580 binary)
Coefficient statistics:
  Matrix range     [1e+00, 6e+05]
  Objective range  [3e+04, 8e+05]
  Bounds range     [1e+00, 1e+00]
  RHS range        [1e+00, 4e+05]
Found heuristic solution: objective 7.321625e+07
Presolve removed 296 rows and 580 columns
Presolve time: 0.01s
Presolve: All rows and columns removed

Explored 0 nodes (0 simplex iterations) in 0.02 seconds
Thread count was 1 (of 4 available processors)

Solution count 2: 6.67576e+07 7.32162e+07 

Optimal solution found (tolerance 1.00e-04)
Best objective 6.675757290843e+07, best bound 6.675757290843e+07, gap 0.0000%

Gurobi 8.1.1 (mac64, Python) logging started Thu Nov  2 20:36:13 2023

Academic license - for non-commercial use only
Optimize a model with 296 rows, 580 columns and 1160 nonzeros
Variable types: 0 continuous, 580 integer (580 binary)
Coefficient statistics:
  Matrix range     [1e+00, 6e+05]
  Objective range  [3e+04, 8e+05]
  Bounds range     [1e+00, 1e+00]
  RHS range        [1e+00, 4e+05]
Found heuristic solution: objective 7.332979e+07
Presolve removed 296 rows and 580 columns
Presolve time: 0.01s
Presolve: All rows and columns removed

Explored 0 nodes (0 simplex iterations) in 0.03 seconds
Thread count was 1 (of 4 available processors)

Solution count 2: 6.67576e+07 7.33298e+07 

Optimal solution found (tolerance 1.00e-04)
Best objective 6.675757290843e+07, best bound 6.675757290843e+07, gap 0.0000%

Gurobi 8.1.1 (mac64, Python) logging started Thu Nov  2 20:38:06 2023

Academic license - for non-commercial use only
Optimize a model with 296 rows, 580 columns and 1160 nonzeros
Variable types: 0 continuous, 580 integer (580 binary)
Coefficient statistics:
  Matrix range     [1e+00, 6e+05]
  Objective range  [3e+04, 9e+05]
  Bounds range     [1e+00, 1e+00]
  RHS range        [1e+00, 4e+05]
Found heuristic solution: objective 7.333589e+07
Presolve removed 296 rows and 580 columns
Presolve time: 0.01s
Presolve: All rows and columns removed

Explored 0 nodes (0 simplex iterations) in 0.01 seconds
Thread count was 1 (of 4 available processors)

Solution count 2: 6.67576e+07 7.33359e+07 

Optimal solution found (tolerance 1.00e-04)
Best objective 6.675757290843e+07, best bound 6.675757290843e+07, gap 0.0000%

Gurobi 8.1.1 (mac64, Python) logging started Thu Nov  2 20:38:38 2023

Academic license - for non-commercial use only
Optimize a model with 296 rows, 580 columns and 1160 nonzeros
Variable types: 0 continuous, 580 integer (580 binary)
Coefficient statistics:
  Matrix range     [1e+00, 6e+05]
  Objective range  [3e+04, 9e+05]
  Bounds range     [1e+00, 1e+00]
  RHS range        [1e+00, 4e+05]
Found heuristic solution: objective 7.321623e+07
Presolve removed 296 rows and 580 columns
Presolve time: 0.00s
Presolve: All rows and columns removed

Explored 0 nodes (0 simplex iterations) in 0.00 seconds
Thread count was 1 (of 4 available processors)

Solution count 2: 6.67576e+07 7.32162e+07 

Optimal solution found (tolerance 1.00e-04)
Best objective 6.675757290843e+07, best bound 6.675757290843e+07, gap 0.0000%

Gurobi 8.1.1 (mac64, Python) logging started Thu Nov  2 20:50:46 2023

Academic license - for non-commercial use only
Optimize a model with 296 rows, 580 columns and 1160 nonzeros
Variable types: 0 continuous, 580 integer (580 binary)
Coefficient statistics:
  Matrix range     [1e+00, 6e+05]
  Objective range  [3e+04, 9e+05]
  Bounds range     [1e+00, 1e+00]
  RHS range        [1e+00, 4e+05]
Found heuristic solution: objective 7.325251e+07
Presolve removed 296 rows and 580 columns
Presolve time: 0.01s
Presolve: All rows and columns removed

Explored 0 nodes (0 simplex iterations) in 0.01 seconds
Thread count was 1 (of 4 available processors)

Solution count 2: 6.67576e+07 7.32525e+07 

Optimal solution found (tolerance 1.00e-04)
Best objective 6.675757290843e+07, best bound 6.675757290843e+07, gap 0.0000%

Gurobi 8.1.1 (mac64, Python) logging started Thu Nov  2 20:52:25 2023

Academic license - for non-commercial use only
Optimize a model with 296 rows, 580 columns and 1160 nonzeros
Variable types: 0 continuous, 580 integer (580 binary)
Coefficient statistics:
  Matrix range     [1e+00, 6e+05]
  Objective range  [3e+04, 9e+05]
  Bounds range     [1e+00, 1e+00]
  RHS range        [1e+00, 4e+05]
Found heuristic solution: objective 7.330144e+07
Presolve removed 296 rows and 580 columns
Presolve time: 0.01s
Presolve: All rows and columns removed

Explored 0 nodes (0 simplex iterations) in 0.02 seconds
Thread count was 1 (of 4 available processors)

Solution count 2: 6.67576e+07 7.33014e+07 

Optimal solution found (tolerance 1.00e-04)
Best objective 6.675757290843e+07, best bound 6.675757290843e+07, gap 0.0000%

Gurobi 8.1.1 (mac64, Python) logging started Thu Nov  2 20:55:42 2023

Academic license - for non-commercial use only
Optimize a model with 296 rows, 580 columns and 1160 nonzeros
Variable types: 0 continuous, 580 integer (580 binary)
Coefficient statistics:
  Matrix range     [1e+00, 6e+05]
  Objective range  [3e+04, 8e+05]
  Bounds range     [1e+00, 1e+00]
  RHS range        [1e+00, 4e+05]
Found heuristic solution: objective 7.327796e+07
Presolve removed 296 rows and 580 columns
Presolve time: 0.01s
Presolve: All rows and columns removed

Explored 0 nodes (0 simplex iterations) in 0.01 seconds
Thread count was 1 (of 4 available processors)

Solution count 2: 6.67576e+07 7.3278e+07 

Optimal solution found (tolerance 1.00e-04)
Best objective 6.675757290843e+07, best bound 6.675757290843e+07, gap 0.0000%
Optimize a model with 175776 rows, 131980 columns and 958480 nonzeros
Variable types: 1190 continuous, 130790 integer (130790 binary)
Coefficient statistics:
  Matrix range     [1e-01, 6e+05]
  Objective range  [0e+00, 0e+00]
  Bounds range     [1e+00, 1e+00]
  RHS range        [1e+00, 1e+07]
Found heuristic solution: objective -0.0000000

Explored 0 nodes (0 simplex iterations) in 0.55 seconds
Thread count was 1 (of 4 available processors)

Solution count 1: -0 

Optimal solution found (tolerance 1.00e-04)
Best objective -0.000000000000e+00, best bound -0.000000000000e+00, gap 0.0000%

Gurobi 8.1.1 (mac64, Python) logging started Thu Nov  2 20:58:34 2023

Academic license - for non-commercial use only
Optimize a model with 296 rows, 580 columns and 1160 nonzeros
Variable types: 0 continuous, 580 integer (580 binary)
Coefficient statistics:
  Matrix range     [1e+00, 6e+05]
  Objective range  [3e+04, 8e+05]
  Bounds range     [1e+00, 1e+00]
  RHS range        [1e+00, 4e+05]
Found heuristic solution: objective 7.314016e+07
Presolve removed 296 rows and 580 columns
Presolve time: 0.01s
Presolve: All rows and columns removed

Explored 0 nodes (0 simplex iterations) in 0.03 seconds
Thread count was 1 (of 4 available processors)

Solution count 2: 6.67576e+07 7.31402e+07 

Optimal solution found (tolerance 1.00e-04)
Best objective 6.675757290843e+07, best bound 6.675757290843e+07, gap 0.0000%
Optimize a model with 175776 rows, 131980 columns and 958480 nonzeros
Variable types: 1190 continuous, 130790 integer (130790 binary)
Coefficient statistics:
  Matrix range     [1e-01, 6e+05]
  Objective range  [0e+00, 0e+00]
  Bounds range     [1e+00, 1e+00]
  RHS range        [1e+00, 1e+07]
Found heuristic solution: objective -0.0000000

Explored 0 nodes (0 simplex iterations) in 1.12 seconds
Thread count was 1 (of 4 available processors)

Solution count 1: -0 

Optimal solution found (tolerance 1.00e-04)
Best objective -0.000000000000e+00, best bound -0.000000000000e+00, gap 0.0000%

Gurobi 8.1.1 (mac64, Python) logging started Thu Nov  2 21:21:36 2023

Academic license - for non-commercial use only
Optimize a model with 10 rows, 14 columns and 57 nonzeros
Variable types: 0 continuous, 14 integer (0 binary)
Coefficient statistics:
  Matrix range     [8e-02, 1e+00]
  Objective range  [1e+00, 1e+00]
  Bounds range     [0e+00, 0e+00]
  RHS range        [6e+06, 2e+07]
Presolve time: 0.01s

Explored 0 nodes (0 simplex iterations) in 0.01 seconds
Thread count was 1 (of 4 available processors)

Solution count 0

Model is infeasible
Best objective -, best bound -, gap -

Gurobi 8.1.1 (mac64, Python) logging started Thu Nov  2 21:21:47 2023

Academic license - for non-commercial use only
Optimize a model with 10 rows, 14 columns and 57 nonzeros
Variable types: 0 continuous, 14 integer (0 binary)
Coefficient statistics:
  Matrix range     [8e-02, 1e+00]
  Objective range  [1e+00, 1e+00]
  Bounds range     [0e+00, 0e+00]
  RHS range        [6e+06, 2e+07]
Presolve time: 0.00s

Explored 0 nodes (0 simplex iterations) in 0.07 seconds
Thread count was 1 (of 4 available processors)

Solution count 0

Model is infeasible
Best objective -, best bound -, gap -

Gurobi 8.1.1 (mac64, Python) logging started Thu Nov  2 21:22:13 2023

Academic license - for non-commercial use only
Optimize a model with 10 rows, 14 columns and 57 nonzeros
Variable types: 0 continuous, 14 integer (0 binary)
Coefficient statistics:
  Matrix range     [8e-02, 1e+00]
  Objective range  [1e+00, 1e+00]
  Bounds range     [0e+00, 0e+00]
  RHS range        [6e+06, 2e+07]
Presolve time: 0.00s

Explored 0 nodes (0 simplex iterations) in 0.00 seconds
Thread count was 1 (of 4 available processors)

Solution count 0

Model is infeasible
Best objective -, best bound -, gap -

Gurobi 8.1.1 (mac64, Python) logging started Thu Nov  2 21:22:31 2023

Academic license - for non-commercial use only
Optimize a model with 10 rows, 14 columns and 57 nonzeros
Variable types: 0 continuous, 14 integer (0 binary)
Coefficient statistics:
  Matrix range     [8e-02, 1e+00]
  Objective range  [1e+00, 1e+00]
  Bounds range     [0e+00, 0e+00]
  RHS range        [6e+06, 1e+07]
Found heuristic solution: objective 4.284000e+07
Presolve removed 1 rows and 1 columns
Presolve time: 0.02s
Presolved: 9 rows, 13 columns, 55 nonzeros
Variable types: 0 continuous, 13 integer (0 binary)

Root relaxation: cutoff, 2 iterations, 0.03 seconds

    Nodes    |    Current Node    |     Objective Bounds      |     Work
 Expl Unexpl |  Obj  Depth IntInf | Incumbent    BestBd   Gap | It/Node Time

     0     0     cutoff    0      4.2840e+07 4.2840e+07  0.00%     -    0s

Explored 0 nodes (2 simplex iterations) in 0.20 seconds
Thread count was 4 (of 4 available processors)

Solution count 1: 4.284e+07 

Optimal solution found (tolerance 1.00e-04)
Best objective 4.284000000000e+07, best bound 4.284000000000e+07, gap 0.0000%

Gurobi 8.1.1 (mac64, Python) logging started Thu Nov  2 21:24:34 2023

Academic license - for non-commercial use only
Optimize a model with 10 rows, 14 columns and 57 nonzeros
Variable types: 0 continuous, 14 integer (0 binary)
Coefficient statistics:
  Matrix range     [8e-02, 1e+00]
  Objective range  [1e+00, 1e+00]
  Bounds range     [0e+00, 0e+00]
  RHS range        [1e+07, 2e+07]
Found heuristic solution: objective 6.436027e+07
Presolve removed 1 rows and 1 columns
Presolve time: 0.02s
Presolved: 9 rows, 13 columns, 55 nonzeros
Variable types: 0 continuous, 13 integer (0 binary)

Root relaxation: objective 6.426000e+07, 6 iterations, 0.00 seconds

    Nodes    |    Current Node    |     Objective Bounds      |     Work
 Expl Unexpl |  Obj  Depth IntInf | Incumbent    BestBd   Gap | It/Node Time

     0     0 6.4260e+07    0    2 6.4360e+07 6.4260e+07  0.16%     -    0s
H    0     0                    6.426000e+07 6.4260e+07  0.00%     -    0s

Explored 1 nodes (6 simplex iterations) in 0.05 seconds
Thread count was 4 (of 4 available processors)

Solution count 2: 6.426e+07 6.43603e+07 

Optimal solution found (tolerance 1.00e-04)
Best objective 6.426000100000e+07, best bound 6.426000060000e+07, gap 0.0000%

Gurobi 8.1.1 (mac64, Python) logging started Thu Nov  2 21:25:13 2023

Academic license - for non-commercial use only
Optimize a model with 10 rows, 14 columns and 57 nonzeros
Variable types: 0 continuous, 14 integer (0 binary)
Coefficient statistics:
  Matrix range     [8e-02, 1e+00]
  Objective range  [1e+00, 1e+00]
  Bounds range     [0e+00, 0e+00]
  RHS range        [1e+07, 2e+07]
Found heuristic solution: objective 6.436027e+07
Presolve removed 1 rows and 1 columns
Presolve time: 0.01s
Presolved: 9 rows, 13 columns, 55 nonzeros
Variable types: 0 continuous, 13 integer (0 binary)

Root relaxation: objective 6.426000e+07, 6 iterations, 0.00 seconds

    Nodes    |    Current Node    |     Objective Bounds      |     Work
 Expl Unexpl |  Obj  Depth IntInf | Incumbent    BestBd   Gap | It/Node Time

     0     0 6.4260e+07    0    2 6.4360e+07 6.4260e+07  0.16%     -    0s
H    0     0                    6.426000e+07 6.4260e+07  0.00%     -    0s

Explored 1 nodes (6 simplex iterations) in 0.03 seconds
Thread count was 4 (of 4 available processors)

Solution count 2: 6.426e+07 6.43603e+07 

Optimal solution found (tolerance 1.00e-04)
Best objective 6.426000100000e+07, best bound 6.426000060000e+07, gap 0.0000%

Gurobi 8.1.1 (mac64, Python) logging started Thu Nov  2 21:39:56 2023

Academic license - for non-commercial use only
Optimize a model with 296 rows, 580 columns and 1160 nonzeros
Variable types: 0 continuous, 580 integer (580 binary)
Coefficient statistics:
  Matrix range     [1e+00, 6e+05]
  Objective range  [3e+04, 9e+05]
  Bounds range     [1e+00, 1e+00]
  RHS range        [1e+00, 4e+05]
Found heuristic solution: objective 7.322594e+07
Presolve removed 296 rows and 580 columns
Presolve time: 0.01s
Presolve: All rows and columns removed

Explored 0 nodes (0 simplex iterations) in 0.02 seconds
Thread count was 1 (of 4 available processors)

Solution count 2: 6.67576e+07 7.32259e+07 

Optimal solution found (tolerance 1.00e-04)
Best objective 6.675757290843e+07, best bound 6.675757290843e+07, gap 0.0000%
Optimize a model with 175776 rows, 131980 columns and 958480 nonzeros
Variable types: 1190 continuous, 130790 integer (130790 binary)
Coefficient statistics:
  Matrix range     [1e-01, 6e+05]
  Objective range  [0e+00, 0e+00]
  Bounds range     [1e+00, 1e+00]
  RHS range        [1e+00, 2e+07]
Found heuristic solution: objective -0.0000000

Explored 0 nodes (0 simplex iterations) in 0.62 seconds
Thread count was 1 (of 4 available processors)

Solution count 1: -0 

Optimal solution found (tolerance 1.00e-04)
Best objective -0.000000000000e+00, best bound -0.000000000000e+00, gap 0.0000%

Gurobi 8.1.1 (mac64, Python) logging started Thu Nov  2 21:43:01 2023

Academic license - for non-commercial use only
Optimize a model with 296 rows, 580 columns and 1160 nonzeros
Variable types: 0 continuous, 580 integer (580 binary)
Coefficient statistics:
  Matrix range     [1e+00, 6e+05]
  Objective range  [3e+04, 9e+05]
  Bounds range     [1e+00, 1e+00]
  RHS range        [1e+00, 4e+05]
Found heuristic solution: objective 7.330820e+07
Presolve removed 296 rows and 580 columns
Presolve time: 0.01s
Presolve: All rows and columns removed

Explored 0 nodes (0 simplex iterations) in 0.01 seconds
Thread count was 1 (of 4 available processors)

Solution count 2: 6.67576e+07 7.33082e+07 

Optimal solution found (tolerance 1.00e-04)
Best objective 6.675757290843e+07, best bound 6.675757290843e+07, gap 0.0000%
Optimize a model with 175776 rows, 131980 columns and 958480 nonzeros
Variable types: 1190 continuous, 130790 integer (130790 binary)
Coefficient statistics:
  Matrix range     [1e-01, 6e+05]
  Objective range  [0e+00, 0e+00]
  Bounds range     [1e+00, 1e+00]
  RHS range        [1e+00, 2e+07]
Found heuristic solution: objective -0.0000000

Explored 0 nodes (0 simplex iterations) in 0.44 seconds
Thread count was 1 (of 4 available processors)

Solution count 1: -0 

Optimal solution found (tolerance 1.00e-04)
Best objective -0.000000000000e+00, best bound -0.000000000000e+00, gap 0.0000%

Gurobi 8.1.1 (mac64, Python) logging started Thu Nov  2 21:46:16 2023

Academic license - for non-commercial use only
Optimize a model with 296 rows, 580 columns and 1160 nonzeros
Variable types: 0 continuous, 580 integer (580 binary)
Coefficient statistics:
  Matrix range     [1e+00, 6e+05]
  Objective range  [3e+04, 8e+05]
  Bounds range     [1e+00, 1e+00]
  RHS range        [1e+00, 4e+05]
Found heuristic solution: objective 7.318902e+07
Presolve removed 296 rows and 580 columns
Presolve time: 0.01s
Presolve: All rows and columns removed

Explored 0 nodes (0 simplex iterations) in 0.01 seconds
Thread count was 1 (of 4 available processors)

Solution count 2: 6.67576e+07 7.3189e+07 

Optimal solution found (tolerance 1.00e-04)
Best objective 6.675757290843e+07, best bound 6.675757290843e+07, gap 0.0000%

Gurobi 8.1.1 (mac64, Python) logging started Thu Nov  2 21:51:18 2023

Academic license - for non-commercial use only
Optimize a model with 296 rows, 580 columns and 1160 nonzeros
Variable types: 0 continuous, 580 integer (580 binary)
Coefficient statistics:
  Matrix range     [1e+00, 6e+05]
  Objective range  [3e+04, 9e+05]
  Bounds range     [1e+00, 1e+00]
  RHS range        [1e+00, 4e+05]
Found heuristic solution: objective 7.325841e+07
Presolve removed 296 rows and 580 columns
Presolve time: 0.01s
Presolve: All rows and columns removed

Explored 0 nodes (0 simplex iterations) in 0.01 seconds
Thread count was 1 (of 4 available processors)

Solution count 2: 6.67576e+07 7.32584e+07 

Optimal solution found (tolerance 1.00e-04)
Best objective 6.675757290843e+07, best bound 6.675757290843e+07, gap 0.0000%

Gurobi 8.1.1 (mac64, Python) logging started Thu Nov  2 21:53:44 2023

Academic license - for non-commercial use only
Optimize a model with 296 rows, 580 columns and 1160 nonzeros
Variable types: 0 continuous, 580 integer (580 binary)
Coefficient statistics:
  Matrix range     [1e+00, 6e+05]
  Objective range  [3e+04, 9e+05]
  Bounds range     [1e+00, 1e+00]
  RHS range        [1e+00, 4e+05]
Found heuristic solution: objective 7.325711e+07
Presolve removed 296 rows and 580 columns
Presolve time: 0.01s
Presolve: All rows and columns removed

Explored 0 nodes (0 simplex iterations) in 0.01 seconds
Thread count was 1 (of 4 available processors)

Solution count 2: 6.67576e+07 7.32571e+07 

Optimal solution found (tolerance 1.00e-04)
Best objective 6.675757290843e+07, best bound 6.675757290843e+07, gap 0.0000%

Gurobi 8.1.1 (mac64, Python) logging started Thu Nov  2 21:58:10 2023

Academic license - for non-commercial use only
Optimize a model with 296 rows, 580 columns and 1160 nonzeros
Variable types: 0 continuous, 580 integer (580 binary)
Coefficient statistics:
  Matrix range     [1e+00, 6e+05]
  Objective range  [3e+04, 9e+05]
  Bounds range     [1e+00, 1e+00]
  RHS range        [1e+00, 4e+05]
Found heuristic solution: objective 7.320473e+07
Presolve removed 296 rows and 580 columns
Presolve time: 0.01s
Presolve: All rows and columns removed

Explored 0 nodes (0 simplex iterations) in 0.02 seconds
Thread count was 1 (of 4 available processors)

Solution count 2: 6.67576e+07 7.32047e+07 

Optimal solution found (tolerance 1.00e-04)
Best objective 6.675757290843e+07, best bound 6.675757290843e+07, gap 0.0000%
Optimize a model with 175776 rows, 131980 columns and 958480 nonzeros
Variable types: 1190 continuous, 130790 integer (130790 binary)
Coefficient statistics:
  Matrix range     [1e-01, 6e+05]
  Objective range  [0e+00, 0e+00]
  Bounds range     [1e+00, 1e+00]
  RHS range        [1e+00, 2e+07]
Found heuristic solution: objective -0.0000000

Explored 0 nodes (0 simplex iterations) in 0.44 seconds
Thread count was 1 (of 4 available processors)

Solution count 1: -0 

Optimal solution found (tolerance 1.00e-04)
Best objective -0.000000000000e+00, best bound -0.000000000000e+00, gap 0.0000%

Gurobi 8.1.1 (mac64, Python) logging started Thu Nov  2 22:03:31 2023

Academic license - for non-commercial use only
Optimize a model with 296 rows, 580 columns and 1160 nonzeros
Variable types: 0 continuous, 580 integer (580 binary)
Coefficient statistics:
  Matrix range     [1e+00, 6e+05]
  Objective range  [3e+04, 8e+05]
  Bounds range     [1e+00, 1e+00]
  RHS range        [1e+00, 4e+05]
Found heuristic solution: objective 7.321346e+07
Presolve removed 296 rows and 580 columns
Presolve time: 0.01s
Presolve: All rows and columns removed

Explored 0 nodes (0 simplex iterations) in 0.02 seconds
Thread count was 1 (of 4 available processors)

Solution count 2: 6.67576e+07 7.32135e+07 

Optimal solution found (tolerance 1.00e-04)
Best objective 6.675757290843e+07, best bound 6.675757290843e+07, gap 0.0000%

Gurobi 8.1.1 (mac64, Python) logging started Thu Nov  2 22:23:43 2023

Academic license - for non-commercial use only
Optimize a model with 296 rows, 580 columns and 1160 nonzeros
Variable types: 0 continuous, 580 integer (580 binary)
Coefficient statistics:
  Matrix range     [1e+00, 6e+05]
  Objective range  [3e+04, 9e+05]
  Bounds range     [1e+00, 1e+00]
  RHS range        [1e+00, 4e+05]
Found heuristic solution: objective 7.327986e+07
Presolve removed 296 rows and 580 columns
Presolve time: 0.01s
Presolve: All rows and columns removed

Explored 0 nodes (0 simplex iterations) in 0.01 seconds
Thread count was 1 (of 4 available processors)

Solution count 2: 6.67576e+07 7.32799e+07 

Optimal solution found (tolerance 1.00e-04)
Best objective 6.675757290843e+07, best bound 6.675757290843e+07, gap 0.0000%

Gurobi 8.1.1 (mac64, Python) logging started Thu Nov  2 22:23:59 2023

Academic license - for non-commercial use only
Optimize a model with 296 rows, 580 columns and 1160 nonzeros
Variable types: 0 continuous, 580 integer (580 binary)
Coefficient statistics:
  Matrix range     [1e+00, 6e+05]
  Objective range  [3e+04, 9e+05]
  Bounds range     [1e+00, 1e+00]
  RHS range        [1e+00, 4e+05]
Found heuristic solution: objective 7.332538e+07
Presolve removed 296 rows and 580 columns
Presolve time: 0.00s
Presolve: All rows and columns removed

Explored 0 nodes (0 simplex iterations) in 0.00 seconds
Thread count was 1 (of 4 available processors)

Solution count 2: 6.67576e+07 7.33254e+07 

Optimal solution found (tolerance 1.00e-04)
Best objective 6.675757290843e+07, best bound 6.675757290843e+07, gap 0.0000%

Gurobi 8.1.1 (mac64, Python) logging started Thu Nov  2 22:24:45 2023

Academic license - for non-commercial use only
Optimize a model with 296 rows, 580 columns and 1160 nonzeros
Variable types: 0 continuous, 580 integer (580 binary)
Coefficient statistics:
  Matrix range     [1e+00, 6e+05]
  Objective range  [3e+04, 9e+05]
  Bounds range     [1e+00, 1e+00]
  RHS range        [1e+00, 4e+05]
Found heuristic solution: objective 7.325547e+07
Presolve removed 296 rows and 580 columns
Presolve time: 0.00s
Presolve: All rows and columns removed

Explored 0 nodes (0 simplex iterations) in 0.00 seconds
Thread count was 1 (of 4 available processors)

Solution count 2: 6.67576e+07 7.32555e+07 

Optimal solution found (tolerance 1.00e-04)
Best objective 6.675757290843e+07, best bound 6.675757290843e+07, gap 0.0000%

Gurobi 8.1.1 (mac64, Python) logging started Thu Nov  2 22:26:37 2023

Academic license - for non-commercial use only
Optimize a model with 296 rows, 580 columns and 1160 nonzeros
Variable types: 0 continuous, 580 integer (580 binary)
Coefficient statistics:
  Matrix range     [1e+00, 6e+05]
  Objective range  [3e+04, 9e+05]
  Bounds range     [1e+00, 1e+00]
  RHS range        [1e+00, 4e+05]
Found heuristic solution: objective 7.321596e+07
Presolve removed 296 rows and 580 columns
Presolve time: 0.01s
Presolve: All rows and columns removed

Explored 0 nodes (0 simplex iterations) in 0.02 seconds
Thread count was 1 (of 4 available processors)

Solution count 2: 6.67576e+07 7.3216e+07 

Optimal solution found (tolerance 1.00e-04)
Best objective 6.675757290843e+07, best bound 6.675757290843e+07, gap 0.0000%

Gurobi 8.1.1 (mac64, Python) logging started Thu Nov  2 22:33:30 2023

Academic license - for non-commercial use only
Optimize a model with 296 rows, 580 columns and 1160 nonzeros
Variable types: 0 continuous, 580 integer (580 binary)
Coefficient statistics:
  Matrix range     [1e+00, 6e+05]
  Objective range  [3e+04, 8e+05]
  Bounds range     [1e+00, 1e+00]
  RHS range        [1e+00, 4e+05]
Found heuristic solution: objective 7.319200e+07
Presolve removed 296 rows and 580 columns
Presolve time: 0.01s
Presolve: All rows and columns removed

Explored 0 nodes (0 simplex iterations) in 0.02 seconds
Thread count was 1 (of 4 available processors)

Solution count 2: 6.67576e+07 7.3192e+07 

Optimal solution found (tolerance 1.00e-04)
Best objective 6.675757290843e+07, best bound 6.675757290843e+07, gap 0.0000%

Gurobi 8.1.1 (mac64, Python) logging started Thu Nov  2 22:35:55 2023

Academic license - for non-commercial use only
Optimize a model with 296 rows, 580 columns and 1160 nonzeros
Variable types: 0 continuous, 580 integer (580 binary)
Coefficient statistics:
  Matrix range     [1e+00, 6e+05]
  Objective range  [3e+04, 9e+05]
  Bounds range     [1e+00, 1e+00]
  RHS range        [1e+00, 4e+05]
Found heuristic solution: objective 7.324097e+07
Presolve removed 296 rows and 580 columns
Presolve time: 0.01s
Presolve: All rows and columns removed

Explored 0 nodes (0 simplex iterations) in 0.02 seconds
Thread count was 1 (of 4 available processors)

Solution count 2: 6.67576e+07 7.3241e+07 

Optimal solution found (tolerance 1.00e-04)
Best objective 6.675757290843e+07, best bound 6.675757290843e+07, gap 0.0000%

Gurobi 8.1.1 (mac64, Python) logging started Thu Nov  2 22:36:15 2023

Academic license - for non-commercial use only
Optimize a model with 296 rows, 580 columns and 1160 nonzeros
Variable types: 0 continuous, 580 integer (580 binary)
Coefficient statistics:
  Matrix range     [1e+00, 6e+05]
  Objective range  [3e+04, 9e+05]
  Bounds range     [1e+00, 1e+00]
  RHS range        [1e+00, 4e+05]
Found heuristic solution: objective 7.334374e+07
Presolve removed 296 rows and 580 columns
Presolve time: 0.00s
Presolve: All rows and columns removed

Explored 0 nodes (0 simplex iterations) in 0.00 seconds
Thread count was 1 (of 4 available processors)

Solution count 2: 6.67576e+07 7.33437e+07 

Optimal solution found (tolerance 1.00e-04)
Best objective 6.675757290843e+07, best bound 6.675757290843e+07, gap 0.0000%

Gurobi 8.1.1 (mac64, Python) logging started Thu Nov  2 22:39:13 2023

Academic license - for non-commercial use only
Optimize a model with 296 rows, 580 columns and 1160 nonzeros
Variable types: 0 continuous, 580 integer (580 binary)
Coefficient statistics:
  Matrix range     [1e+00, 6e+05]
  Objective range  [3e+04, 8e+05]
  Bounds range     [1e+00, 1e+00]
  RHS range        [1e+00, 4e+05]
Found heuristic solution: objective 7.326508e+07
Presolve removed 296 rows and 580 columns
Presolve time: 0.02s
Presolve: All rows and columns removed

Explored 0 nodes (0 simplex iterations) in 0.03 seconds
Thread count was 1 (of 4 available processors)

Solution count 2: 6.67576e+07 7.32651e+07 

Optimal solution found (tolerance 1.00e-04)
Best objective 6.675757290843e+07, best bound 6.675757290843e+07, gap 0.0000%
Optimize a model with 175776 rows, 131980 columns and 521980 nonzeros
Variable types: 1190 continuous, 130790 integer (130790 binary)
Coefficient statistics:
  Matrix range     [1e-01, 6e+05]
  Objective range  [0e+00, 0e+00]
  Bounds range     [1e+00, 1e+00]
  RHS range        [1e+00, 2e+07]
Presolve removed 150519 rows and 115124 columns (presolve time = 5s) ...
Presolve removed 150519 rows and 115124 columns
Presolve time: 5.12s
Presolved: 25257 rows, 16856 columns, 75600 nonzeros
Variable types: 0 continuous, 16856 integer (16856 binary)
Found heuristic solution: objective -0.0000000

Explored 0 nodes (0 simplex iterations) in 5.37 seconds
Thread count was 4 (of 4 available processors)

Solution count 1: -0 

Optimal solution found (tolerance 1.00e-04)
Best objective -0.000000000000e+00, best bound -0.000000000000e+00, gap 0.0000%

Gurobi 8.1.1 (mac64, Python) logging started Thu Nov  2 22:47:16 2023

Academic license - for non-commercial use only
Optimize a model with 296 rows, 580 columns and 1160 nonzeros
Variable types: 0 continuous, 580 integer (580 binary)
Coefficient statistics:
  Matrix range     [1e+00, 6e+05]
  Objective range  [3e+04, 9e+05]
  Bounds range     [1e+00, 1e+00]
  RHS range        [1e+00, 4e+05]
Found heuristic solution: objective 7.335663e+07
Presolve removed 296 rows and 580 columns
Presolve time: 0.01s
Presolve: All rows and columns removed

Explored 0 nodes (0 simplex iterations) in 0.02 seconds
Thread count was 1 (of 4 available processors)

Solution count 2: 6.67576e+07 7.33566e+07 

Optimal solution found (tolerance 1.00e-04)
Best objective 6.675757290843e+07, best bound 6.675757290843e+07, gap 0.0000%
Optimize a model with 132276 rows, 131980 columns and 478480 nonzeros
Model has 43500 quadratic constraints
Variable types: 1190 continuous, 130790 integer (130790 binary)
Coefficient statistics:
  Matrix range     [1e+00, 6e+05]
  QMatrix range    [9e-01, 1e+00]
  QLMatrix range   [7e-01, 8e-01]
  Objective range  [0e+00, 0e+00]
  Bounds range     [1e+00, 1e+00]
  RHS range        [1e+00, 2e+07]
Presolve removed 1480 rows and 44690 columns
Presolve time: 2.26s
Presolved: 261296 rows, 130790 columns, 651750 nonzeros
Variable types: 0 continuous, 130790 integer (130790 binary)
Found heuristic solution: objective -0.0000000

Explored 1 nodes (0 simplex iterations) in 13.92 seconds
Thread count was 4 (of 4 available processors)

Solution count 1: -0 

Optimal solution found (tolerance 1.00e-04)
Best objective -0.000000000000e+00, best bound -0.000000000000e+00, gap 0.0000%

Gurobi 8.1.1 (mac64, Python) logging started Thu Nov  2 22:50:05 2023

Academic license - for non-commercial use only
Optimize a model with 296 rows, 580 columns and 1160 nonzeros
Variable types: 0 continuous, 580 integer (580 binary)
Coefficient statistics:
  Matrix range     [1e+00, 6e+05]
  Objective range  [3e+04, 9e+05]
  Bounds range     [1e+00, 1e+00]
  RHS range        [1e+00, 4e+05]
Found heuristic solution: objective 7.330796e+07
Presolve removed 296 rows and 580 columns
Presolve time: 0.01s
Presolve: All rows and columns removed

Explored 0 nodes (0 simplex iterations) in 0.01 seconds
Thread count was 1 (of 4 available processors)

Solution count 2: 6.67576e+07 7.3308e+07 

Optimal solution found (tolerance 1.00e-04)
Best objective 6.675757290843e+07, best bound 6.675757290843e+07, gap 0.0000%
Optimize a model with 132276 rows, 131980 columns and 478480 nonzeros
Model has 43500 quadratic constraints
Variable types: 1190 continuous, 130790 integer (130790 binary)
Coefficient statistics:
  Matrix range     [1e+00, 6e+05]
  QMatrix range    [8e-01, 1e+00]
  QLMatrix range   [7e-01, 8e-01]
  Objective range  [0e+00, 0e+00]
  Bounds range     [1e+00, 1e+00]
  RHS range        [1e+00, 2e+07]
Presolve removed 132276 rows and 131980 columns
Presolve time: 0.59s
Presolve: All rows and columns removed

Explored 0 nodes (0 simplex iterations) in 0.63 seconds
Thread count was 1 (of 4 available processors)

Solution count 1: -0 

Optimal solution found (tolerance 1.00e-04)
Best objective -0.000000000000e+00, best bound -0.000000000000e+00, gap 0.0000%

Gurobi 8.1.1 (mac64, Python) logging started Thu Nov  2 22:51:03 2023

Academic license - for non-commercial use only
Optimize a model with 296 rows, 580 columns and 1160 nonzeros
Variable types: 0 continuous, 580 integer (580 binary)
Coefficient statistics:
  Matrix range     [1e+00, 6e+05]
  Objective range  [3e+04, 9e+05]
  Bounds range     [1e+00, 1e+00]
  RHS range        [1e+00, 4e+05]
Found heuristic solution: objective 7.322146e+07
Presolve removed 296 rows and 580 columns
Presolve time: 0.00s
Presolve: All rows and columns removed

Explored 0 nodes (0 simplex iterations) in 0.00 seconds
Thread count was 1 (of 4 available processors)

Solution count 2: 6.67576e+07 7.32215e+07 

Optimal solution found (tolerance 1.00e-04)
Best objective 6.675757290843e+07, best bound 6.675757290843e+07, gap 0.0000%

Gurobi 8.1.1 (mac64, Python) logging started Thu Nov  2 22:55:53 2023

Academic license - for non-commercial use only
Optimize a model with 296 rows, 580 columns and 1160 nonzeros
Variable types: 0 continuous, 580 integer (580 binary)
Coefficient statistics:
  Matrix range     [1e+00, 6e+05]
  Objective range  [3e+04, 9e+05]
  Bounds range     [1e+00, 1e+00]
  RHS range        [1e+00, 4e+05]
Found heuristic solution: objective 7.314756e+07
Presolve removed 296 rows and 580 columns
Presolve time: 0.01s
Presolve: All rows and columns removed

Explored 0 nodes (0 simplex iterations) in 0.02 seconds
Thread count was 1 (of 4 available processors)

Solution count 2: 6.67576e+07 7.31476e+07 

Optimal solution found (tolerance 1.00e-04)
Best objective 6.675757290843e+07, best bound 6.675757290843e+07, gap 0.0000%

Gurobi 8.1.1 (mac64, Python) logging started Thu Nov  2 22:58:01 2023

Academic license - for non-commercial use only
Optimize a model with 296 rows, 580 columns and 1160 nonzeros
Variable types: 0 continuous, 580 integer (580 binary)
Coefficient statistics:
  Matrix range     [1e+00, 6e+05]
  Objective range  [3e+04, 8e+05]
  Bounds range     [1e+00, 1e+00]
  RHS range        [1e+00, 4e+05]
Found heuristic solution: objective 7.318800e+07
Presolve removed 296 rows and 580 columns
Presolve time: 0.01s
Presolve: All rows and columns removed

Explored 0 nodes (0 simplex iterations) in 0.01 seconds
Thread count was 1 (of 4 available processors)

Solution count 2: 6.67576e+07 7.3188e+07 

Optimal solution found (tolerance 1.00e-04)
Best objective 6.675757290843e+07, best bound 6.675757290843e+07, gap 0.0000%

Gurobi 8.1.1 (mac64, Python) logging started Thu Nov  2 23:00:04 2023

Academic license - for non-commercial use only
Optimize a model with 296 rows, 580 columns and 1160 nonzeros
Variable types: 0 continuous, 580 integer (580 binary)
Coefficient statistics:
  Matrix range     [1e+00, 6e+05]
  Objective range  [3e+04, 9e+05]
  Bounds range     [1e+00, 1e+00]
  RHS range        [1e+00, 4e+05]
Found heuristic solution: objective 7.320126e+07
Presolve removed 296 rows and 580 columns
Presolve time: 0.03s
Presolve: All rows and columns removed

Explored 0 nodes (0 simplex iterations) in 0.04 seconds
Thread count was 1 (of 4 available processors)

Solution count 2: 6.67576e+07 7.32013e+07 

Optimal solution found (tolerance 1.00e-04)
Best objective 6.675757290843e+07, best bound 6.675757290843e+07, gap 0.0000%
Optimize a model with 176066 rows, 175190 columns and 565480 nonzeros
Variable types: 1190 continuous, 174000 integer (174000 binary)
Coefficient statistics:
  Matrix range     [4e-05, 6e+05]
  Objective range  [0e+00, 0e+00]
  Bounds range     [1e+00, 1e+00]
  RHS range        [1e+00, 2e+07]
Presolve removed 176019 rows and 175144 columns
Presolve time: 1.37s
Presolved: 47 rows, 46 columns, 136 nonzeros
Variable types: 0 continuous, 46 integer (46 binary)
Found heuristic solution: objective -0.0000000

Explored 0 nodes (0 simplex iterations) in 1.66 seconds
Thread count was 4 (of 4 available processors)

Solution count 1: -0 

Optimal solution found (tolerance 1.00e-04)
Best objective -0.000000000000e+00, best bound -0.000000000000e+00, gap 0.0000%

Gurobi 8.1.1 (mac64, Python) logging started Thu Nov  2 23:04:55 2023

Academic license - for non-commercial use only
Optimize a model with 296 rows, 580 columns and 1160 nonzeros
Variable types: 0 continuous, 580 integer (580 binary)
Coefficient statistics:
  Matrix range     [1e+00, 6e+05]
  Objective range  [3e+04, 8e+05]
  Bounds range     [1e+00, 1e+00]
  RHS range        [1e+00, 4e+05]
Found heuristic solution: objective 7.320788e+07
Presolve removed 296 rows and 580 columns
Presolve time: 0.02s
Presolve: All rows and columns removed

Explored 0 nodes (0 simplex iterations) in 0.02 seconds
Thread count was 1 (of 4 available processors)

Solution count 2: 6.67576e+07 7.32079e+07 

Optimal solution found (tolerance 1.00e-04)
Best objective 6.675757290843e+07, best bound 6.675757290843e+07, gap 0.0000%

Gurobi 8.1.1 (mac64, Python) logging started Thu Nov  2 23:05:33 2023

Academic license - for non-commercial use only
Optimize a model with 296 rows, 580 columns and 1160 nonzeros
Variable types: 0 continuous, 580 integer (580 binary)
Coefficient statistics:
  Matrix range     [1e+00, 6e+05]
  Objective range  [3e+04, 9e+05]
  Bounds range     [1e+00, 1e+00]
  RHS range        [1e+00, 4e+05]
Found heuristic solution: objective 7.323402e+07
Presolve removed 296 rows and 580 columns
Presolve time: 0.00s
Presolve: All rows and columns removed

Explored 0 nodes (0 simplex iterations) in 0.01 seconds
Thread count was 1 (of 4 available processors)

Solution count 2: 6.67576e+07 7.3234e+07 

Optimal solution found (tolerance 1.00e-04)
Best objective 6.675757290843e+07, best bound 6.675757290843e+07, gap 0.0000%

Gurobi 8.1.1 (mac64, Python) logging started Thu Nov  2 23:06:25 2023

Academic license - for non-commercial use only
Optimize a model with 296 rows, 580 columns and 1160 nonzeros
Variable types: 0 continuous, 580 integer (580 binary)
Coefficient statistics:
  Matrix range     [1e+00, 6e+05]
  Objective range  [3e+04, 9e+05]
  Bounds range     [1e+00, 1e+00]
  RHS range        [1e+00, 4e+05]
Found heuristic solution: objective 7.310153e+07
Presolve removed 296 rows and 580 columns
Presolve time: 0.01s
Presolve: All rows and columns removed

Explored 0 nodes (0 simplex iterations) in 0.03 seconds
Thread count was 1 (of 4 available processors)

Solution count 2: 6.67576e+07 7.31015e+07 

Optimal solution found (tolerance 1.00e-04)
Best objective 6.675757290843e+07, best bound 6.675757290843e+07, gap 0.0000%
Optimize a model with 176066 rows, 175190 columns and 565480 nonzeros
Variable types: 1190 continuous, 174000 integer (174000 binary)
Coefficient statistics:
  Matrix range     [4e-05, 6e+05]
  Objective range  [0e+00, 0e+00]
  Bounds range     [1e+00, 1e+00]
  RHS range        [1e+00, 2e+07]
Presolve removed 176066 rows and 175190 columns
Presolve time: 0.97s
Presolve: All rows and columns removed

Explored 0 nodes (0 simplex iterations) in 1.47 seconds
Thread count was 1 (of 4 available processors)

Solution count 1: -0 

Optimal solution found (tolerance 1.00e-04)
Best objective -0.000000000000e+00, best bound -0.000000000000e+00, gap 0.0000%

Gurobi 8.1.1 (mac64, Python) logging started Thu Nov  2 23:13:17 2023

Academic license - for non-commercial use only
Optimize a model with 296 rows, 580 columns and 1160 nonzeros
Variable types: 0 continuous, 580 integer (580 binary)
Coefficient statistics:
  Matrix range     [1e+00, 6e+05]
  Objective range  [3e+04, 9e+05]
  Bounds range     [1e+00, 1e+00]
  RHS range        [1e+00, 4e+05]
Found heuristic solution: objective 7.323674e+07
Presolve removed 296 rows and 580 columns
Presolve time: 0.01s
Presolve: All rows and columns removed

Explored 0 nodes (0 simplex iterations) in 0.02 seconds
Thread count was 1 (of 4 available processors)

Solution count 2: 6.67576e+07 7.32367e+07 

Optimal solution found (tolerance 1.00e-04)
Best objective 6.675757290843e+07, best bound 6.675757290843e+07, gap 0.0000%
Optimize a model with 176066 rows, 175190 columns and 565480 nonzeros
Variable types: 1190 continuous, 174000 integer (174000 binary)
Coefficient statistics:
  Matrix range     [4e-05, 6e+05]
  Objective range  [0e+00, 0e+00]
  Bounds range     [1e+00, 1e+00]
  RHS range        [1e+00, 2e+07]
Presolve removed 176066 rows and 175190 columns
Presolve time: 0.70s
Presolve: All rows and columns removed

Explored 0 nodes (0 simplex iterations) in 1.02 seconds
Thread count was 1 (of 4 available processors)

Solution count 1: -0 

Optimal solution found (tolerance 1.00e-04)
Best objective -0.000000000000e+00, best bound -0.000000000000e+00, gap 0.0000%

Gurobi 8.1.1 (mac64, Python) logging started Thu Nov  2 23:31:43 2023

Academic license - for non-commercial use only
Optimize a model with 296 rows, 580 columns and 1160 nonzeros
Variable types: 0 continuous, 580 integer (580 binary)
Coefficient statistics:
  Matrix range     [1e+00, 6e+05]
  Objective range  [3e+04, 9e+05]
  Bounds range     [1e+00, 1e+00]
  RHS range        [1e+00, 4e+05]
Found heuristic solution: objective 7.322646e+07
Presolve removed 296 rows and 580 columns
Presolve time: 0.01s
Presolve: All rows and columns removed

Explored 0 nodes (0 simplex iterations) in 0.02 seconds
Thread count was 1 (of 4 available processors)

Solution count 2: 6.67576e+07 7.32265e+07 

Optimal solution found (tolerance 1.00e-04)
Best objective 6.675757290843e+07, best bound 6.675757290843e+07, gap 0.0000%
Optimize a model with 176066 rows, 175190 columns and 565480 nonzeros
Variable types: 1190 continuous, 174000 integer (174000 binary)
Coefficient statistics:
  Matrix range     [4e-05, 6e+05]
  Objective range  [0e+00, 0e+00]
  Bounds range     [1e+00, 1e+00]
  RHS range        [1e+00, 2e+07]
Presolve removed 176066 rows and 175190 columns
Presolve time: 0.64s
Presolve: All rows and columns removed

Explored 0 nodes (0 simplex iterations) in 0.82 seconds
Thread count was 1 (of 4 available processors)

Solution count 1: -0 

Optimal solution found (tolerance 1.00e-04)
Best objective -0.000000000000e+00, best bound -0.000000000000e+00, gap 0.0000%

Gurobi 8.1.1 (mac64, Python) logging started Thu Nov  2 23:34:55 2023

Academic license - for non-commercial use only
Optimize a model with 296 rows, 580 columns and 1160 nonzeros
Variable types: 0 continuous, 580 integer (580 binary)
Coefficient statistics:
  Matrix range     [1e+00, 6e+05]
  Objective range  [3e+04, 8e+05]
  Bounds range     [1e+00, 1e+00]
  RHS range        [1e+00, 4e+05]
Found heuristic solution: objective 7.325788e+07
Presolve removed 296 rows and 580 columns
Presolve time: 0.01s
Presolve: All rows and columns removed

Explored 0 nodes (0 simplex iterations) in 0.02 seconds
Thread count was 1 (of 4 available processors)

Solution count 2: 6.67576e+07 7.32579e+07 

Optimal solution found (tolerance 1.00e-04)
Best objective 6.675757290843e+07, best bound 6.675757290843e+07, gap 0.0000%
Optimize a model with 176066 rows, 175190 columns and 565480 nonzeros
Variable types: 1190 continuous, 174000 integer (174000 binary)
Coefficient statistics:
  Matrix range     [4e-05, 6e+05]
  Objective range  [0e+00, 0e+00]
  Bounds range     [1e+00, 1e+00]
  RHS range        [1e+00, 2e+07]
Presolve removed 176066 rows and 175190 columns
Presolve time: 1.39s
Presolve: All rows and columns removed

Explored 0 nodes (0 simplex iterations) in 1.69 seconds
Thread count was 1 (of 4 available processors)

Solution count 1: -0 

Optimal solution found (tolerance 1.00e-04)
Best objective -0.000000000000e+00, best bound -0.000000000000e+00, gap 0.0000%

Gurobi 8.1.1 (mac64, Python) logging started Thu Nov  2 23:54:55 2023

Academic license - for non-commercial use only
Optimize a model with 296 rows, 580 columns and 1160 nonzeros
Variable types: 0 continuous, 580 integer (580 binary)
Coefficient statistics:
  Matrix range     [1e+00, 6e+05]
  Objective range  [3e+04, 8e+05]
  Bounds range     [1e+00, 1e+00]
  RHS range        [1e+00, 4e+05]
Found heuristic solution: objective 7.311552e+07
Presolve removed 296 rows and 580 columns
Presolve time: 0.04s
Presolve: All rows and columns removed

Explored 0 nodes (0 simplex iterations) in 0.05 seconds
Thread count was 1 (of 4 available processors)

Solution count 2: 6.67576e+07 7.31155e+07 

Optimal solution found (tolerance 1.00e-04)
Best objective 6.675757290843e+07, best bound 6.675757290843e+07, gap 0.0000%
Optimize a model with 176066 rows, 175190 columns and 565480 nonzeros
Variable types: 1190 continuous, 174000 integer (174000 binary)
Coefficient statistics:
  Matrix range     [4e-05, 6e+05]
  Objective range  [8e-01, 1e+00]
  Bounds range     [1e+00, 1e+00]
  RHS range        [1e+00, 2e+07]
Presolve removed 176066 rows and 175190 columns
Presolve time: 2.69s
Presolve: All rows and columns removed

Explored 0 nodes (0 simplex iterations) in 3.45 seconds
Thread count was 1 (of 4 available processors)

Solution count 1: 275.526 

Optimal solution found (tolerance 1.00e-04)
Best objective 2.755259210671e+02, best bound 2.755259210671e+02, gap 0.0000%

Gurobi 8.1.1 (mac64, Python) logging started Fri Nov  3 00:55:13 2023

Academic license - for non-commercial use only
Optimize a model with 296 rows, 580 columns and 1160 nonzeros
Variable types: 0 continuous, 580 integer (580 binary)
Coefficient statistics:
  Matrix range     [1e+00, 6e+05]
  Objective range  [3e+04, 8e+05]
  Bounds range     [1e+00, 1e+00]
  RHS range        [1e+00, 4e+05]
Found heuristic solution: objective 7.316255e+07
Presolve removed 296 rows and 580 columns
Presolve time: 0.01s
Presolve: All rows and columns removed

Explored 0 nodes (0 simplex iterations) in 0.02 seconds
Thread count was 1 (of 4 available processors)

Solution count 2: 6.67576e+07 7.31625e+07 

Optimal solution found (tolerance 1.00e-04)
Best objective 6.675757290843e+07, best bound 6.675757290843e+07, gap 0.0000%
Optimize a model with 176066 rows, 175190 columns and 565480 nonzeros
Variable types: 1190 continuous, 174000 integer (174000 binary)
Coefficient statistics:
  Matrix range     [4e-05, 6e+05]
  Objective range  [8e-01, 1e+00]
  Bounds range     [1e+00, 1e+00]
  RHS range        [1e+00, 2e+07]
Presolve removed 176066 rows and 175190 columns
Presolve time: 3.76s
Presolve: All rows and columns removed

Explored 0 nodes (0 simplex iterations) in 4.40 seconds
Thread count was 1 (of 4 available processors)

Solution count 1: 275.526 

Optimal solution found (tolerance 1.00e-04)
Best objective 2.755259210671e+02, best bound 2.755259210671e+02, gap 0.0000%
